<?xml version="1.0" encoding="UTF-8"?>
<coverage generated="1778686117204" clover="3.2.0">
  <project timestamp="1778686117204" name="All files">
    <metrics statements="223" coveredstatements="200" conditionals="216" coveredconditionals="173" methods="48" coveredmethods="37" elements="487" coveredelements="410" complexity="0" loc="223" ncloc="223" packages="1" files="1" classes="1"/>
    <file name="content.js" path="/Applications/XAMPP/xamppfiles/htdocs/project-work/browser-extension/content.js">
      <metrics statements="223" coveredstatements="200" conditionals="216" coveredconditionals="173" methods="48" coveredmethods="37"/>
      <line num="8" count="1" type="stmt"/>
      <line num="11" count="1" type="stmt"/>
      <line num="17" count="1" type="stmt"/>
      <line num="24" count="1" type="stmt"/>
      <line num="27" count="1" type="stmt"/>
      <line num="30" count="1" type="stmt"/>
      <line num="33" count="1" type="stmt"/>
      <line num="45" count="32" type="cond" truecount="2" falsecount="0"/>
      <line num="46" count="32" type="cond" truecount="2" falsecount="0"/>
      <line num="48" count="26" type="stmt"/>
      <line num="49" count="26" type="cond" truecount="2" falsecount="0"/>
      <line num="50" count="26" type="stmt"/>
      <line num="52" count="0" type="stmt"/>
      <line num="60" count="11" type="stmt"/>
      <line num="61" count="11" type="cond" truecount="2" falsecount="0"/>
      <line num="62" count="10" type="stmt"/>
      <line num="63" count="10" type="cond" truecount="2" falsecount="0"/>
      <line num="70" count="9" type="cond" truecount="2" falsecount="0"/>
      <line num="71" count="9" type="cond" truecount="2" falsecount="0"/>
      <line num="73" count="2" type="cond" truecount="2" falsecount="0"/>
      <line num="74" count="2" type="stmt"/>
      <line num="75" count="2" type="cond" truecount="2" falsecount="0"/>
      <line num="83" count="11" type="cond" truecount="4" falsecount="0"/>
      <line num="84" count="9" type="cond" truecount="2" falsecount="0"/>
      <line num="85" count="4" type="cond" truecount="2" falsecount="0"/>
      <line num="86" count="3" type="stmt"/>
      <line num="98" count="42" type="cond" truecount="2" falsecount="0"/>
      <line num="99" count="40" type="cond" truecount="4" falsecount="0"/>
      <line num="100" count="38" type="cond" truecount="1" falsecount="1"/>
      <line num="101" count="38" type="stmt"/>
      <line num="108" count="32" type="cond" truecount="2" falsecount="0"/>
      <line num="109" count="31" type="stmt"/>
      <line num="110" count="31" type="cond" truecount="2" falsecount="0"/>
      <line num="117" count="25" type="stmt"/>
      <line num="132" count="384" type="stmt"/>
      <line num="140" count="32" type="cond" truecount="1" falsecount="1"/>
      <line num="142" count="32" type="cond" truecount="1" falsecount="1"/>
      <line num="143" count="32" type="cond" truecount="2" falsecount="0"/>
      <line num="145" count="26" type="cond" truecount="2" falsecount="0"/>
      <line num="146" count="26" type="cond" truecount="2" falsecount="0"/>
      <line num="147" count="25" type="cond" truecount="4" falsecount="0"/>
      <line num="149" count="24" type="stmt"/>
      <line num="150" count="24" type="cond" truecount="1" falsecount="1"/>
      <line num="151" count="24" type="cond" truecount="2" falsecount="0"/>
      <line num="153" count="23" type="stmt"/>
      <line num="160" count="7" type="cond" truecount="2" falsecount="0"/>
      <line num="161" count="7" type="stmt"/>
      <line num="163" count="7" type="cond" truecount="4" falsecount="0"/>
      <line num="170" count="11" type="cond" truecount="2" falsecount="0"/>
      <line num="171" count="11" type="stmt"/>
      <line num="175" count="11" type="cond" truecount="2" falsecount="0"/>
      <line num="178" count="11" type="cond" truecount="2" falsecount="0"/>
      <line num="179" count="2" type="cond" truecount="1" falsecount="1"/>
      <line num="182" count="9" type="cond" truecount="2" falsecount="0"/>
      <line num="185" count="4" type="cond" truecount="1" falsecount="1"/>
      <line num="186" count="4" type="stmt"/>
      <line num="187" count="4" type="stmt"/>
      <line num="188" count="4" type="cond" truecount="1" falsecount="1"/>
      <line num="189" count="4" type="stmt"/>
      <line num="194" count="0" type="stmt"/>
      <line num="202" count="15" type="stmt"/>
      <line num="203" count="15" type="stmt"/>
      <line num="218" count="8" type="stmt"/>
      <line num="221" count="8" type="cond" truecount="2" falsecount="0"/>
      <line num="222" count="6" type="cond" truecount="2" falsecount="0"/>
      <line num="223" count="4" type="stmt"/>
      <line num="234" count="5" type="stmt"/>
      <line num="236" count="5" type="stmt"/>
      <line num="237" count="5" type="cond" truecount="1" falsecount="1"/>
      <line num="239" count="5" type="stmt"/>
      <line num="240" count="5" type="cond" truecount="2" falsecount="0"/>
      <line num="242" count="3" type="stmt"/>
      <line num="244" count="3" type="cond" truecount="1" falsecount="1"/>
      <line num="248" count="3" type="stmt"/>
      <line num="249" count="3" type="cond" truecount="1" falsecount="1"/>
      <line num="251" count="3" type="stmt"/>
      <line num="254" count="5" type="stmt"/>
      <line num="266" count="8" type="stmt"/>
      <line num="267" count="8" type="stmt"/>
      <line num="269" count="8" type="cond" truecount="2" falsecount="0"/>
      <line num="277" count="6" type="stmt"/>
      <line num="278" count="6" type="cond" truecount="1" falsecount="1"/>
      <line num="280" count="6" type="stmt"/>
      <line num="281" count="6" type="stmt"/>
      <line num="283" count="6" type="stmt"/>
      <line num="284" count="6" type="stmt"/>
      <line num="285" count="6" type="stmt"/>
      <line num="286" count="6" type="cond" truecount="2" falsecount="0"/>
      <line num="288" count="4" type="stmt"/>
      <line num="295" count="6" type="stmt"/>
      <line num="296" count="0" type="cond" truecount="0" falsecount="2"/>
      <line num="297" count="0" type="cond" truecount="0" falsecount="2"/>
      <line num="300" count="6" type="stmt"/>
      <line num="312" count="16" type="cond" truecount="4" falsecount="0"/>
      <line num="313" count="4" type="stmt"/>
      <line num="315" count="16" type="stmt"/>
      <line num="323" count="7" type="stmt"/>
      <line num="324" count="7" type="cond" truecount="4" falsecount="0"/>
      <line num="326" count="6" type="stmt"/>
      <line num="327" count="6" type="stmt"/>
      <line num="328" count="6" type="stmt"/>
      <line num="331" count="6" type="stmt"/>
      <line num="347" count="6" type="stmt"/>
      <line num="348" count="6" type="stmt"/>
      <line num="349" count="6" type="stmt"/>
      <line num="351" count="6" type="stmt"/>
      <line num="363" count="6" type="cond" truecount="2" falsecount="2"/>
      <line num="365" count="6" type="stmt"/>
      <line num="366" count="6" type="stmt"/>
      <line num="371" count="6" type="stmt"/>
      <line num="372" count="3" type="stmt"/>
      <line num="373" count="3" type="stmt"/>
      <line num="374" count="3" type="stmt"/>
      <line num="375" count="3" type="stmt"/>
      <line num="378" count="6" type="stmt"/>
      <line num="381" count="6" type="stmt"/>
      <line num="382" count="6" type="stmt"/>
      <line num="398" count="12" type="cond" truecount="2" falsecount="0"/>
      <line num="401" count="11" type="stmt"/>
      <line num="402" count="11" type="cond" truecount="1" falsecount="1"/>
      <line num="404" count="11" type="stmt"/>
      <line num="405" count="11" type="stmt"/>
      <line num="406" count="11" type="stmt"/>
      <line num="408" count="11" type="stmt"/>
      <line num="424" count="11" type="stmt"/>
      <line num="427" count="11" type="stmt"/>
      <line num="428" count="0" type="cond" truecount="0" falsecount="2"/>
      <line num="444" count="15" type="stmt"/>
      <line num="445" count="15" type="stmt"/>
      <line num="447" count="15" type="stmt"/>
      <line num="448" count="15" type="cond" truecount="1" falsecount="1"/>
      <line num="449" count="0" type="stmt"/>
      <line num="450" count="0" type="stmt"/>
      <line num="452" count="15" type="stmt"/>
      <line num="453" count="15" type="cond" truecount="2" falsecount="0"/>
      <line num="456" count="0" type="stmt"/>
      <line num="473" count="10" type="cond" truecount="2" falsecount="0"/>
      <line num="474" count="9" type="cond" truecount="4" falsecount="0"/>
      <line num="476" count="7" type="cond" truecount="4" falsecount="0"/>
      <line num="477" count="2" type="stmt"/>
      <line num="478" count="2" type="stmt"/>
      <line num="479" count="2" type="stmt"/>
      <line num="480" count="2" type="stmt"/>
      <line num="483" count="5" type="cond" truecount="4" falsecount="0"/>
      <line num="484" count="3" type="stmt"/>
      <line num="485" count="3" type="stmt"/>
      <line num="487" count="3" type="cond" truecount="4" falsecount="0"/>
      <line num="490" count="3" type="stmt"/>
      <line num="509" count="6" type="stmt"/>
      <line num="510" count="6" type="stmt"/>
      <line num="511" count="6" type="stmt"/>
      <line num="513" count="6" type="cond" truecount="4" falsecount="0"/>
      <line num="514" count="5" type="stmt"/>
      <line num="515" count="5" type="stmt"/>
      <line num="516" count="5" type="stmt"/>
      <line num="517" count="5" type="stmt"/>
      <line num="520" count="6" type="cond" truecount="4" falsecount="0"/>
      <line num="521" count="5" type="stmt"/>
      <line num="522" count="5" type="stmt"/>
      <line num="523" count="5" type="stmt"/>
      <line num="524" count="5" type="stmt"/>
      <line num="528" count="6" type="cond" truecount="2" falsecount="0"/>
      <line num="529" count="5" type="stmt"/>
      <line num="532" count="6" type="stmt"/>
      <line num="541" count="3" type="stmt"/>
      <line num="543" count="3" type="cond" truecount="4" falsecount="0"/>
      <line num="544" count="2" type="stmt"/>
      <line num="545" count="2" type="stmt"/>
      <line num="546" count="2" type="stmt"/>
      <line num="549" count="3" type="cond" truecount="3" falsecount="1"/>
      <line num="550" count="3" type="stmt"/>
      <line num="551" count="3" type="stmt"/>
      <line num="552" count="3" type="stmt"/>
      <line num="556" count="3" type="cond" truecount="1" falsecount="1"/>
      <line num="557" count="3" type="stmt"/>
      <line num="583" count="4" type="cond" truecount="1" falsecount="1"/>
      <line num="586" count="4" type="stmt"/>
      <line num="587" count="4" type="cond" truecount="2" falsecount="0"/>
      <line num="589" count="2" type="stmt"/>
      <line num="590" count="2" type="cond" truecount="1" falsecount="1"/>
      <line num="592" count="2" type="stmt"/>
      <line num="593" count="2" type="cond" truecount="1" falsecount="1"/>
      <line num="596" count="2" type="stmt"/>
      <line num="597" count="2" type="cond" truecount="2" falsecount="0"/>
      <line num="599" count="2" type="stmt"/>
      <line num="601" count="2" type="cond" truecount="2" falsecount="0"/>
      <line num="602" count="2" type="cond" truecount="2" falsecount="0"/>
      <line num="603" count="2" type="cond" truecount="4" falsecount="0"/>
      <line num="605" count="1" type="cond" truecount="1" falsecount="1"/>
      <line num="607" count="1" type="stmt"/>
      <line num="610" count="0" type="stmt"/>
      <line num="620" count="0" type="cond" truecount="0" falsecount="2"/>
      <line num="621" count="0" type="stmt"/>
      <line num="622" count="0" type="stmt"/>
      <line num="637" count="0" type="cond" truecount="0" falsecount="4"/>
      <line num="639" count="0" type="stmt"/>
      <line num="641" count="0" type="stmt"/>
      <line num="642" count="0" type="stmt"/>
      <line num="643" count="0" type="cond" truecount="0" falsecount="2"/>
      <line num="644" count="0" type="stmt"/>
      <line num="651" count="0" type="cond" truecount="0" falsecount="2"/>
      <line num="652" count="0" type="stmt"/>
      <line num="656" count="0" type="stmt"/>
      <line num="673" count="5" type="stmt"/>
      <line num="676" count="5" type="cond" truecount="1" falsecount="1"/>
      <line num="677" count="0" type="stmt"/>
      <line num="678" count="0" type="stmt"/>
      <line num="681" count="5" type="cond" truecount="2" falsecount="0"/>
      <line num="682" count="1" type="stmt"/>
      <line num="683" count="1" type="stmt"/>
      <line num="686" count="4" type="cond" truecount="2" falsecount="0"/>
      <line num="687" count="1" type="stmt"/>
      <line num="688" count="1" type="stmt"/>
      <line num="692" count="3" type="stmt"/>
      <line num="693" count="3" type="cond" truecount="2" falsecount="0"/>
      <line num="694" count="2" type="stmt"/>
      <line num="695" count="2" type="stmt"/>
      <line num="698" count="1" type="stmt"/>
      <line num="699" count="1" type="stmt"/>
      <line num="713" count="13" type="stmt"/>
      <line num="722" count="1" type="stmt"/>
      <line num="893" count="1" type="cond" truecount="1" falsecount="1"/>
      <line num="894" count="1" type="stmt"/>
    </file>
  </project>
</coverage>
