<?xml version="1.0" encoding="UTF-8"?>
<coverage generated="1778580800907" clover="3.2.0">
  <project timestamp="1778580800907" name="All files">
    <metrics statements="211" coveredstatements="188" conditionals="198" coveredconditionals="155" methods="46" coveredmethods="35" elements="455" coveredelements="378" complexity="0" loc="211" ncloc="211" packages="1" files="1" classes="1"/>
    <file name="content.js" path="/Applications/XAMPP/xamppfiles/htdocs/project-work/browser-extension/content.js">
      <metrics statements="211" coveredstatements="188" conditionals="198" coveredconditionals="155" methods="46" coveredmethods="35"/>
      <line num="8" count="1" type="stmt"/>
      <line num="11" count="1" type="stmt"/>
      <line num="17" count="1" type="stmt"/>
      <line num="24" count="1" type="stmt"/>
      <line num="27" count="1" type="stmt"/>
      <line num="30" count="1" type="stmt"/>
      <line num="33" count="1" type="stmt"/>
      <line num="45" count="32" type="cond" truecount="2" falsecount="0"/>
      <line num="46" count="32" type="cond" truecount="2" falsecount="0"/>
      <line num="48" count="26" type="stmt"/>
      <line num="49" count="26" type="cond" truecount="2" falsecount="0"/>
      <line num="50" count="26" type="stmt"/>
      <line num="52" count="0" type="stmt"/>
      <line num="60" count="11" type="stmt"/>
      <line num="61" count="11" type="cond" truecount="2" falsecount="0"/>
      <line num="62" count="10" type="stmt"/>
      <line num="63" count="10" type="cond" truecount="2" falsecount="0"/>
      <line num="70" count="9" type="cond" truecount="2" falsecount="0"/>
      <line num="71" count="9" type="cond" truecount="2" falsecount="0"/>
      <line num="73" count="2" type="cond" truecount="2" falsecount="0"/>
      <line num="74" count="2" type="stmt"/>
      <line num="75" count="2" type="cond" truecount="2" falsecount="0"/>
      <line num="83" count="11" type="cond" truecount="4" falsecount="0"/>
      <line num="84" count="9" type="cond" truecount="2" falsecount="0"/>
      <line num="85" count="4" type="cond" truecount="2" falsecount="0"/>
      <line num="86" count="3" type="stmt"/>
      <line num="98" count="42" type="cond" truecount="2" falsecount="0"/>
      <line num="99" count="40" type="cond" truecount="4" falsecount="0"/>
      <line num="100" count="38" type="cond" truecount="1" falsecount="1"/>
      <line num="101" count="38" type="stmt"/>
      <line num="108" count="32" type="cond" truecount="2" falsecount="0"/>
      <line num="109" count="31" type="stmt"/>
      <line num="110" count="31" type="cond" truecount="2" falsecount="0"/>
      <line num="117" count="25" type="stmt"/>
      <line num="132" count="384" type="stmt"/>
      <line num="140" count="32" type="cond" truecount="1" falsecount="1"/>
      <line num="142" count="32" type="cond" truecount="1" falsecount="1"/>
      <line num="143" count="32" type="cond" truecount="2" falsecount="0"/>
      <line num="145" count="26" type="cond" truecount="2" falsecount="0"/>
      <line num="146" count="26" type="cond" truecount="2" falsecount="0"/>
      <line num="147" count="25" type="cond" truecount="4" falsecount="0"/>
      <line num="149" count="24" type="stmt"/>
      <line num="150" count="24" type="cond" truecount="1" falsecount="1"/>
      <line num="151" count="24" type="cond" truecount="2" falsecount="0"/>
      <line num="153" count="23" type="stmt"/>
      <line num="160" count="7" type="cond" truecount="2" falsecount="0"/>
      <line num="161" count="7" type="stmt"/>
      <line num="163" count="7" type="cond" truecount="4" falsecount="0"/>
      <line num="170" count="11" type="cond" truecount="2" falsecount="0"/>
      <line num="171" count="11" type="stmt"/>
      <line num="175" count="11" type="cond" truecount="2" falsecount="0"/>
      <line num="178" count="11" type="cond" truecount="2" falsecount="0"/>
      <line num="179" count="2" type="cond" truecount="1" falsecount="1"/>
      <line num="182" count="9" type="cond" truecount="2" falsecount="0"/>
      <line num="185" count="4" type="cond" truecount="1" falsecount="1"/>
      <line num="186" count="4" type="stmt"/>
      <line num="187" count="4" type="stmt"/>
      <line num="188" count="4" type="cond" truecount="1" falsecount="1"/>
      <line num="189" count="4" type="stmt"/>
      <line num="194" count="0" type="stmt"/>
      <line num="202" count="15" type="stmt"/>
      <line num="203" count="15" type="stmt"/>
      <line num="218" count="8" type="stmt"/>
      <line num="221" count="8" type="cond" truecount="2" falsecount="0"/>
      <line num="222" count="6" type="cond" truecount="2" falsecount="0"/>
      <line num="223" count="4" type="stmt"/>
      <line num="234" count="5" type="stmt"/>
      <line num="236" count="5" type="stmt"/>
      <line num="237" count="5" type="cond" truecount="1" falsecount="1"/>
      <line num="239" count="5" type="stmt"/>
      <line num="240" count="5" type="cond" truecount="2" falsecount="0"/>
      <line num="242" count="3" type="stmt"/>
      <line num="244" count="3" type="cond" truecount="1" falsecount="1"/>
      <line num="248" count="3" type="stmt"/>
      <line num="249" count="3" type="cond" truecount="1" falsecount="1"/>
      <line num="251" count="3" type="stmt"/>
      <line num="254" count="5" type="stmt"/>
      <line num="266" count="8" type="stmt"/>
      <line num="267" count="8" type="stmt"/>
      <line num="269" count="8" type="cond" truecount="2" falsecount="0"/>
      <line num="277" count="6" type="stmt"/>
      <line num="278" count="6" type="cond" truecount="1" falsecount="1"/>
      <line num="280" count="6" type="stmt"/>
      <line num="281" count="6" type="stmt"/>
      <line num="283" count="6" type="stmt"/>
      <line num="284" count="6" type="stmt"/>
      <line num="285" count="6" type="stmt"/>
      <line num="286" count="6" type="cond" truecount="2" falsecount="0"/>
      <line num="288" count="4" type="stmt"/>
      <line num="295" count="6" type="stmt"/>
      <line num="296" count="0" type="cond" truecount="0" falsecount="2"/>
      <line num="297" count="0" type="cond" truecount="0" falsecount="2"/>
      <line num="300" count="6" type="stmt"/>
      <line num="312" count="16" type="cond" truecount="4" falsecount="0"/>
      <line num="313" count="4" type="stmt"/>
      <line num="315" count="16" type="stmt"/>
      <line num="323" count="7" type="stmt"/>
      <line num="324" count="7" type="cond" truecount="4" falsecount="0"/>
      <line num="326" count="6" type="stmt"/>
      <line num="327" count="6" type="stmt"/>
      <line num="328" count="6" type="stmt"/>
      <line num="331" count="6" type="stmt"/>
      <line num="347" count="6" type="stmt"/>
      <line num="348" count="6" type="stmt"/>
      <line num="349" count="6" type="stmt"/>
      <line num="351" count="6" type="stmt"/>
      <line num="363" count="6" type="cond" truecount="2" falsecount="2"/>
      <line num="365" count="6" type="stmt"/>
      <line num="366" count="6" type="stmt"/>
      <line num="371" count="6" type="stmt"/>
      <line num="372" count="3" type="stmt"/>
      <line num="373" count="3" type="stmt"/>
      <line num="374" count="3" type="stmt"/>
      <line num="375" count="3" type="stmt"/>
      <line num="378" count="6" type="stmt"/>
      <line num="381" count="6" type="stmt"/>
      <line num="382" count="6" type="stmt"/>
      <line num="398" count="12" type="cond" truecount="2" falsecount="0"/>
      <line num="401" count="11" type="stmt"/>
      <line num="402" count="11" type="cond" truecount="1" falsecount="1"/>
      <line num="404" count="11" type="stmt"/>
      <line num="405" count="11" type="stmt"/>
      <line num="406" count="11" type="stmt"/>
      <line num="408" count="11" type="stmt"/>
      <line num="424" count="11" type="stmt"/>
      <line num="427" count="11" type="stmt"/>
      <line num="428" count="0" type="cond" truecount="0" falsecount="2"/>
      <line num="444" count="15" type="stmt"/>
      <line num="445" count="15" type="stmt"/>
      <line num="447" count="15" type="stmt"/>
      <line num="448" count="15" type="cond" truecount="1" falsecount="1"/>
      <line num="449" count="0" type="stmt"/>
      <line num="450" count="0" type="stmt"/>
      <line num="452" count="15" type="stmt"/>
      <line num="453" count="15" type="cond" truecount="2" falsecount="0"/>
      <line num="456" count="0" type="stmt"/>
      <line num="471" count="6" type="stmt"/>
      <line num="472" count="6" type="stmt"/>
      <line num="473" count="6" type="stmt"/>
      <line num="475" count="6" type="cond" truecount="4" falsecount="0"/>
      <line num="476" count="5" type="stmt"/>
      <line num="477" count="5" type="stmt"/>
      <line num="478" count="5" type="stmt"/>
      <line num="479" count="5" type="stmt"/>
      <line num="482" count="6" type="cond" truecount="4" falsecount="0"/>
      <line num="483" count="5" type="stmt"/>
      <line num="484" count="5" type="stmt"/>
      <line num="485" count="5" type="stmt"/>
      <line num="486" count="5" type="stmt"/>
      <line num="490" count="6" type="cond" truecount="2" falsecount="0"/>
      <line num="491" count="5" type="stmt"/>
      <line num="494" count="6" type="stmt"/>
      <line num="503" count="3" type="stmt"/>
      <line num="505" count="3" type="cond" truecount="4" falsecount="0"/>
      <line num="506" count="2" type="stmt"/>
      <line num="507" count="2" type="stmt"/>
      <line num="508" count="2" type="stmt"/>
      <line num="511" count="3" type="cond" truecount="3" falsecount="1"/>
      <line num="512" count="3" type="stmt"/>
      <line num="513" count="3" type="stmt"/>
      <line num="514" count="3" type="stmt"/>
      <line num="518" count="3" type="cond" truecount="1" falsecount="1"/>
      <line num="519" count="3" type="stmt"/>
      <line num="545" count="4" type="cond" truecount="1" falsecount="1"/>
      <line num="548" count="4" type="stmt"/>
      <line num="549" count="4" type="cond" truecount="2" falsecount="0"/>
      <line num="551" count="2" type="stmt"/>
      <line num="552" count="2" type="cond" truecount="1" falsecount="1"/>
      <line num="554" count="2" type="stmt"/>
      <line num="555" count="2" type="cond" truecount="1" falsecount="1"/>
      <line num="558" count="2" type="stmt"/>
      <line num="559" count="2" type="cond" truecount="2" falsecount="0"/>
      <line num="561" count="2" type="stmt"/>
      <line num="563" count="2" type="cond" truecount="2" falsecount="0"/>
      <line num="564" count="2" type="cond" truecount="2" falsecount="0"/>
      <line num="565" count="2" type="cond" truecount="4" falsecount="0"/>
      <line num="567" count="1" type="cond" truecount="1" falsecount="1"/>
      <line num="569" count="1" type="stmt"/>
      <line num="572" count="0" type="stmt"/>
      <line num="582" count="0" type="cond" truecount="0" falsecount="2"/>
      <line num="583" count="0" type="stmt"/>
      <line num="584" count="0" type="stmt"/>
      <line num="599" count="0" type="cond" truecount="0" falsecount="4"/>
      <line num="601" count="0" type="stmt"/>
      <line num="603" count="0" type="stmt"/>
      <line num="604" count="0" type="stmt"/>
      <line num="605" count="0" type="cond" truecount="0" falsecount="2"/>
      <line num="606" count="0" type="stmt"/>
      <line num="613" count="0" type="cond" truecount="0" falsecount="2"/>
      <line num="614" count="0" type="stmt"/>
      <line num="618" count="0" type="stmt"/>
      <line num="635" count="5" type="stmt"/>
      <line num="638" count="5" type="cond" truecount="1" falsecount="1"/>
      <line num="639" count="0" type="stmt"/>
      <line num="640" count="0" type="stmt"/>
      <line num="643" count="5" type="cond" truecount="2" falsecount="0"/>
      <line num="644" count="1" type="stmt"/>
      <line num="645" count="1" type="stmt"/>
      <line num="648" count="4" type="cond" truecount="2" falsecount="0"/>
      <line num="649" count="1" type="stmt"/>
      <line num="650" count="1" type="stmt"/>
      <line num="654" count="3" type="stmt"/>
      <line num="655" count="3" type="cond" truecount="2" falsecount="0"/>
      <line num="656" count="2" type="stmt"/>
      <line num="657" count="2" type="stmt"/>
      <line num="660" count="1" type="stmt"/>
      <line num="661" count="1" type="stmt"/>
      <line num="675" count="13" type="stmt"/>
      <line num="684" count="1" type="stmt"/>
      <line num="881" count="1" type="cond" truecount="1" falsecount="1"/>
      <line num="882" count="1" type="stmt"/>
    </file>
  </project>
</coverage>
