{"/Applications/XAMPP/xamppfiles/htdocs/project-work/browser-extension/content.js": {"path":"/Applications/XAMPP/xamppfiles/htdocs/project-work/browser-extension/content.js","statementMap":{"0":{"start":{"line":8,"column":22},"end":{"line":8,"column":43}},"1":{"start":{"line":11,"column":26},"end":{"line":14,"column":1}},"2":{"start":{"line":17,"column":32},"end":{"line":21,"column":1}},"3":{"start":{"line":24,"column":29},"end":{"line":24,"column":32}},"4":{"start":{"line":27,"column":23},"end":{"line":27,"column":27}},"5":{"start":{"line":30,"column":20},"end":{"line":30,"column":24}},"6":{"start":{"line":33,"column":20},"end":{"line":33,"column":24}},"7":{"start":{"line":45,"column":14},"end":{"line":45,"column":54}},"8":{"start":{"line":46,"column":2},"end":{"line":46,"column":22}},"9":{"start":{"line":46,"column":12},"end":{"line":46,"column":22}},"10":{"start":{"line":48,"column":2},"end":{"line":53,"column":3}},"11":{"start":{"line":49,"column":19},"end":{"line":49,"column":72}},"12":{"start":{"line":50,"column":4},"end":{"line":50,"column":63}},"13":{"start":{"line":52,"column":4},"end":{"line":52,"column":51}},"14":{"start":{"line":60,"column":21},"end":{"line":60,"column":42}},"15":{"start":{"line":61,"column":2},"end":{"line":61,"column":29}},"16":{"start":{"line":61,"column":19},"end":{"line":61,"column":29}},"17":{"start":{"line":62,"column":16},"end":{"line":62,"column":37}},"18":{"start":{"line":63,"column":2},"end":{"line":63,"column":68}},"19":{"start":{"line":70,"column":18},"end":{"line":70,"column":55}},"20":{"start":{"line":71,"column":2},"end":{"line":71,"column":30}},"21":{"start":{"line":71,"column":15},"end":{"line":71,"column":30}},"22":{"start":{"line":73,"column":18},"end":{"line":73,"column":55}},"23":{"start":{"line":74,"column":16},"end":{"line":74,"column":58}},"24":{"start":{"line":75,"column":2},"end":{"line":75,"column":48}},"25":{"start":{"line":83,"column":2},"end":{"line":83,"column":45}},"26":{"start":{"line":83,"column":36},"end":{"line":83,"column":45}},"27":{"start":{"line":84,"column":2},"end":{"line":84,"column":44}},"28":{"start":{"line":84,"column":35},"end":{"line":84,"column":44}},"29":{"start":{"line":85,"column":2},"end":{"line":85,"column":72}},"30":{"start":{"line":85,"column":63},"end":{"line":85,"column":72}},"31":{"start":{"line":86,"column":2},"end":{"line":86,"column":11}},"32":{"start":{"line":98,"column":2},"end":{"line":98,"column":59}},"33":{"start":{"line":98,"column":46},"end":{"line":98,"column":59}},"34":{"start":{"line":99,"column":2},"end":{"line":99,"column":57}},"35":{"start":{"line":99,"column":44},"end":{"line":99,"column":57}},"36":{"start":{"line":100,"column":15},"end":{"line":100,"column":53}},"37":{"start":{"line":101,"column":2},"end":{"line":101,"column":78}},"38":{"start":{"line":108,"column":2},"end":{"line":108,"column":29}},"39":{"start":{"line":108,"column":16},"end":{"line":108,"column":29}},"40":{"start":{"line":109,"column":16},"end":{"line":109,"column":48}},"41":{"start":{"line":110,"column":2},"end":{"line":110,"column":67}},"42":{"start":{"line":117,"column":2},"end":{"line":125,"column":28}},"43":{"start":{"line":132,"column":2},"end":{"line":132,"column":52}},"44":{"start":{"line":132,"column":30},"end":{"line":132,"column":50}},"45":{"start":{"line":140,"column":2},"end":{"line":140,"column":48}},"46":{"start":{"line":140,"column":35},"end":{"line":140,"column":48}},"47":{"start":{"line":142,"column":15},"end":{"line":142,"column":53}},"48":{"start":{"line":143,"column":2},"end":{"line":143,"column":78}},"49":{"start":{"line":143,"column":65},"end":{"line":143,"column":78}},"50":{"start":{"line":145,"column":23},"end":{"line":145,"column":88}},"51":{"start":{"line":146,"column":2},"end":{"line":146,"column":53}},"52":{"start":{"line":146,"column":40},"end":{"line":146,"column":53}},"53":{"start":{"line":147,"column":2},"end":{"line":147,"column":75}},"54":{"start":{"line":147,"column":63},"end":{"line":147,"column":75}},"55":{"start":{"line":149,"column":16},"end":{"line":149,"column":44}},"56":{"start":{"line":150,"column":2},"end":{"line":150,"column":27}},"57":{"start":{"line":150,"column":14},"end":{"line":150,"column":27}},"58":{"start":{"line":151,"column":2},"end":{"line":151,"column":65}},"59":{"start":{"line":151,"column":52},"end":{"line":151,"column":65}},"60":{"start":{"line":153,"column":2},"end":{"line":153,"column":48}},"61":{"start":{"line":160,"column":16},"end":{"line":160,"column":39}},"62":{"start":{"line":161,"column":21},"end":{"line":162,"column":24}},"63":{"start":{"line":163,"column":2},"end":{"line":163,"column":71}},"64":{"start":{"line":170,"column":16},"end":{"line":170,"column":39}},"65":{"start":{"line":171,"column":21},"end":{"line":176,"column":34}},"66":{"start":{"line":175,"column":19},"end":{"line":175,"column":45}},"67":{"start":{"line":178,"column":2},"end":{"line":180,"column":3}},"68":{"start":{"line":179,"column":4},"end":{"line":179,"column":57}},"69":{"start":{"line":182,"column":2},"end":{"line":182,"column":51}},"70":{"start":{"line":182,"column":37},"end":{"line":182,"column":51}},"71":{"start":{"line":185,"column":2},"end":{"line":192,"column":3}},"72":{"start":{"line":186,"column":4},"end":{"line":191,"column":5}},"73":{"start":{"line":186,"column":17},"end":{"line":186,"column":38}},"74":{"start":{"line":187,"column":24},"end":{"line":187,"column":37}},"75":{"start":{"line":188,"column":6},"end":{"line":190,"column":7}},"76":{"start":{"line":189,"column":8},"end":{"line":189,"column":25}},"77":{"start":{"line":194,"column":2},"end":{"line":194,"column":23}},"78":{"start":{"line":202,"column":2},"end":{"line":202,"column":63}},"79":{"start":{"line":203,"column":2},"end":{"line":203,"column":64}},"80":{"start":{"line":218,"column":25},"end":{"line":219,"column":24}},"81":{"start":{"line":221,"column":2},"end":{"line":221,"column":52}},"82":{"start":{"line":221,"column":35},"end":{"line":221,"column":52}},"83":{"start":{"line":222,"column":2},"end":{"line":222,"column":52}},"84":{"start":{"line":222,"column":34},"end":{"line":222,"column":52}},"85":{"start":{"line":223,"column":2},"end":{"line":223,"column":17}},"86":{"start":{"line":234,"column":18},"end":{"line":234,"column":20}},"87":{"start":{"line":236,"column":16},"end":{"line":236,"column":61}},"88":{"start":{"line":237,"column":17},"end":{"line":237,"column":59}},"89":{"start":{"line":239,"column":2},"end":{"line":252,"column":3}},"90":{"start":{"line":240,"column":4},"end":{"line":240,"column":54}},"91":{"start":{"line":240,"column":45},"end":{"line":240,"column":54}},"92":{"start":{"line":242,"column":26},"end":{"line":243,"column":29}},"93":{"start":{"line":244,"column":4},"end":{"line":244,"column":33}},"94":{"start":{"line":244,"column":24},"end":{"line":244,"column":33}},"95":{"start":{"line":248,"column":26},"end":{"line":248,"column":75}},"96":{"start":{"line":249,"column":4},"end":{"line":249,"column":33}},"97":{"start":{"line":249,"column":24},"end":{"line":249,"column":33}},"98":{"start":{"line":251,"column":4},"end":{"line":251,"column":51}},"99":{"start":{"line":254,"column":2},"end":{"line":254,"column":17}},"100":{"start":{"line":266,"column":17},"end":{"line":268,"column":4}},"101":{"start":{"line":267,"column":4},"end":{"line":267,"column":64}},"102":{"start":{"line":269,"column":2},"end":{"line":269,"column":87}},"103":{"start":{"line":277,"column":15},"end":{"line":277,"column":56}},"104":{"start":{"line":278,"column":2},"end":{"line":278,"column":23}},"105":{"start":{"line":278,"column":13},"end":{"line":278,"column":23}},"106":{"start":{"line":280,"column":22},"end":{"line":280,"column":52}},"107":{"start":{"line":281,"column":18},"end":{"line":281,"column":20}},"108":{"start":{"line":283,"column":2},"end":{"line":292,"column":5}},"109":{"start":{"line":284,"column":21},"end":{"line":284,"column":53}},"110":{"start":{"line":285,"column":18},"end":{"line":285,"column":56}},"111":{"start":{"line":286,"column":4},"end":{"line":286,"column":27}},"112":{"start":{"line":286,"column":20},"end":{"line":286,"column":27}},"113":{"start":{"line":288,"column":4},"end":{"line":291,"column":7}},"114":{"start":{"line":295,"column":2},"end":{"line":298,"column":5}},"115":{"start":{"line":296,"column":4},"end":{"line":296,"column":48}},"116":{"start":{"line":296,"column":39},"end":{"line":296,"column":48}},"117":{"start":{"line":297,"column":4},"end":{"line":297,"column":50}},"118":{"start":{"line":300,"column":2},"end":{"line":300,"column":17}},"119":{"start":{"line":312,"column":2},"end":{"line":314,"column":3}},"120":{"start":{"line":313,"column":4},"end":{"line":313,"column":62}},"121":{"start":{"line":315,"column":2},"end":{"line":315,"column":26}},"122":{"start":{"line":323,"column":2},"end":{"line":323,"column":18}},"123":{"start":{"line":324,"column":2},"end":{"line":324,"column":55}},"124":{"start":{"line":324,"column":48},"end":{"line":324,"column":55}},"125":{"start":{"line":326,"column":15},"end":{"line":326,"column":45}},"126":{"start":{"line":327,"column":18},"end":{"line":327,"column":47}},"127":{"start":{"line":328,"column":2},"end":{"line":328,"column":29}},"128":{"start":{"line":331,"column":2},"end":{"line":345,"column":5}},"129":{"start":{"line":347,"column":2},"end":{"line":379,"column":5}},"130":{"start":{"line":348,"column":16},"end":{"line":348,"column":48}},"131":{"start":{"line":349,"column":4},"end":{"line":349,"column":24}},"132":{"start":{"line":351,"column":4},"end":{"line":361,"column":7}},"133":{"start":{"line":363,"column":4},"end":{"line":363,"column":100}},"134":{"start":{"line":365,"column":4},"end":{"line":365,"column":84}},"135":{"start":{"line":365,"column":47},"end":{"line":365,"column":80}},"136":{"start":{"line":366,"column":4},"end":{"line":366,"column":88}},"137":{"start":{"line":366,"column":47},"end":{"line":366,"column":84}},"138":{"start":{"line":371,"column":4},"end":{"line":376,"column":7}},"139":{"start":{"line":372,"column":6},"end":{"line":372,"column":25}},"140":{"start":{"line":373,"column":6},"end":{"line":373,"column":26}},"141":{"start":{"line":374,"column":6},"end":{"line":374,"column":43}},"142":{"start":{"line":375,"column":6},"end":{"line":375,"column":22}},"143":{"start":{"line":378,"column":4},"end":{"line":378,"column":29}},"144":{"start":{"line":381,"column":2},"end":{"line":381,"column":37}},"145":{"start":{"line":382,"column":2},"end":{"line":382,"column":29}},"146":{"start":{"line":398,"column":2},"end":{"line":398,"column":23}},"147":{"start":{"line":398,"column":16},"end":{"line":398,"column":23}},"148":{"start":{"line":401,"column":19},"end":{"line":401,"column":66}},"149":{"start":{"line":402,"column":2},"end":{"line":402,"column":34}},"150":{"start":{"line":402,"column":16},"end":{"line":402,"column":34}},"151":{"start":{"line":404,"column":16},"end":{"line":404,"column":45}},"152":{"start":{"line":405,"column":2},"end":{"line":405,"column":36}},"153":{"start":{"line":406,"column":2},"end":{"line":406,"column":30}},"154":{"start":{"line":408,"column":2},"end":{"line":422,"column":5}},"155":{"start":{"line":424,"column":2},"end":{"line":424,"column":35}},"156":{"start":{"line":427,"column":2},"end":{"line":429,"column":11}},"157":{"start":{"line":428,"column":4},"end":{"line":428,"column":41}},"158":{"start":{"line":428,"column":26},"end":{"line":428,"column":41}},"159":{"start":{"line":444,"column":2},"end":{"line":450,"column":5}},"160":{"start":{"line":445,"column":4},"end":{"line":449,"column":7}},"161":{"start":{"line":447,"column":22},"end":{"line":447,"column":48}},"162":{"start":{"line":448,"column":6},"end":{"line":448,"column":63}},"163":{"start":{"line":463,"column":24},"end":{"line":463,"column":51}},"164":{"start":{"line":464,"column":24},"end":{"line":464,"column":66}},"165":{"start":{"line":465,"column":20},"end":{"line":465,"column":21}},"166":{"start":{"line":467,"column":2},"end":{"line":472,"column":3}},"167":{"start":{"line":468,"column":4},"end":{"line":468,"column":26}},"168":{"start":{"line":469,"column":4},"end":{"line":469,"column":46}},"169":{"start":{"line":470,"column":4},"end":{"line":470,"column":41}},"170":{"start":{"line":471,"column":4},"end":{"line":471,"column":18}},"171":{"start":{"line":474,"column":2},"end":{"line":479,"column":3}},"172":{"start":{"line":475,"column":4},"end":{"line":475,"column":26}},"173":{"start":{"line":476,"column":4},"end":{"line":476,"column":46}},"174":{"start":{"line":477,"column":4},"end":{"line":477,"column":41}},"175":{"start":{"line":478,"column":4},"end":{"line":478,"column":18}},"176":{"start":{"line":482,"column":2},"end":{"line":484,"column":3}},"177":{"start":{"line":483,"column":4},"end":{"line":483,"column":70}},"178":{"start":{"line":486,"column":2},"end":{"line":486,"column":21}},"179":{"start":{"line":495,"column":15},"end":{"line":495,"column":20}},"180":{"start":{"line":497,"column":2},"end":{"line":501,"column":3}},"181":{"start":{"line":498,"column":4},"end":{"line":498,"column":46}},"182":{"start":{"line":499,"column":4},"end":{"line":499,"column":41}},"183":{"start":{"line":500,"column":4},"end":{"line":500,"column":18}},"184":{"start":{"line":503,"column":2},"end":{"line":507,"column":3}},"185":{"start":{"line":504,"column":4},"end":{"line":504,"column":46}},"186":{"start":{"line":505,"column":4},"end":{"line":505,"column":41}},"187":{"start":{"line":506,"column":4},"end":{"line":506,"column":18}},"188":{"start":{"line":510,"column":2},"end":{"line":512,"column":3}},"189":{"start":{"line":511,"column":4},"end":{"line":511,"column":70}},"190":{"start":{"line":537,"column":2},"end":{"line":537,"column":35}},"191":{"start":{"line":537,"column":28},"end":{"line":537,"column":35}},"192":{"start":{"line":540,"column":18},"end":{"line":540,"column":45}},"193":{"start":{"line":541,"column":2},"end":{"line":541,"column":23}},"194":{"start":{"line":541,"column":16},"end":{"line":541,"column":23}},"195":{"start":{"line":543,"column":21},"end":{"line":543,"column":39}},"196":{"start":{"line":544,"column":2},"end":{"line":544,"column":38}},"197":{"start":{"line":544,"column":31},"end":{"line":544,"column":38}},"198":{"start":{"line":546,"column":22},"end":{"line":546,"column":53}},"199":{"start":{"line":547,"column":2},"end":{"line":547,"column":39}},"200":{"start":{"line":547,"column":32},"end":{"line":547,"column":39}},"201":{"start":{"line":550,"column":23},"end":{"line":550,"column":79}},"202":{"start":{"line":550,"column":49},"end":{"line":550,"column":78}},"203":{"start":{"line":551,"column":27},"end":{"line":551,"column":80}},"204":{"start":{"line":553,"column":2},"end":{"line":566,"column":3}},"205":{"start":{"line":555,"column":34},"end":{"line":555,"column":84}},"206":{"start":{"line":556,"column":34},"end":{"line":556,"column":84}},"207":{"start":{"line":557,"column":4},"end":{"line":557,"column":65}},"208":{"start":{"line":557,"column":56},"end":{"line":557,"column":65}},"209":{"start":{"line":559,"column":4},"end":{"line":565,"column":5}},"210":{"start":{"line":561,"column":6},"end":{"line":561,"column":66}},"211":{"start":{"line":564,"column":6},"end":{"line":564,"column":50}},"212":{"start":{"line":574,"column":2},"end":{"line":574,"column":49}},"213":{"start":{"line":574,"column":21},"end":{"line":574,"column":49}},"214":{"start":{"line":575,"column":2},"end":{"line":577,"column":27}},"215":{"start":{"line":576,"column":4},"end":{"line":576,"column":91}},"216":{"start":{"line":576,"column":40},"end":{"line":576,"column":89}},"217":{"start":{"line":591,"column":2},"end":{"line":591,"column":46}},"218":{"start":{"line":591,"column":39},"end":{"line":591,"column":46}},"219":{"start":{"line":593,"column":2},"end":{"line":608,"column":5}},"220":{"start":{"line":595,"column":25},"end":{"line":603,"column":5}},"221":{"start":{"line":596,"column":6},"end":{"line":602,"column":8}},"222":{"start":{"line":597,"column":8},"end":{"line":597,"column":53}},"223":{"start":{"line":597,"column":40},"end":{"line":597,"column":53}},"224":{"start":{"line":598,"column":8},"end":{"line":601,"column":10}},"225":{"start":{"line":605,"column":4},"end":{"line":607,"column":5}},"226":{"start":{"line":606,"column":6},"end":{"line":606,"column":27}},"227":{"start":{"line":610,"column":2},"end":{"line":613,"column":5}},"228":{"start":{"line":627,"column":17},"end":{"line":627,"column":29}},"229":{"start":{"line":630,"column":2},"end":{"line":633,"column":3}},"230":{"start":{"line":631,"column":4},"end":{"line":631,"column":20}},"231":{"start":{"line":632,"column":4},"end":{"line":632,"column":11}},"232":{"start":{"line":635,"column":2},"end":{"line":638,"column":3}},"233":{"start":{"line":636,"column":4},"end":{"line":636,"column":20}},"234":{"start":{"line":637,"column":4},"end":{"line":637,"column":11}},"235":{"start":{"line":640,"column":2},"end":{"line":643,"column":3}},"236":{"start":{"line":641,"column":4},"end":{"line":641,"column":20}},"237":{"start":{"line":642,"column":4},"end":{"line":642,"column":11}},"238":{"start":{"line":646,"column":18},"end":{"line":646,"column":45}},"239":{"start":{"line":647,"column":2},"end":{"line":650,"column":3}},"240":{"start":{"line":648,"column":4},"end":{"line":648,"column":20}},"241":{"start":{"line":649,"column":4},"end":{"line":649,"column":11}},"242":{"start":{"line":652,"column":22},"end":{"line":652,"column":53}},"243":{"start":{"line":653,"column":2},"end":{"line":653,"column":39}},"244":{"start":{"line":667,"column":2},"end":{"line":667,"column":60}},"245":{"start":{"line":676,"column":2},"end":{"line":676,"column":80}},"246":{"start":{"line":848,"column":0},"end":{"line":882,"column":1}},"247":{"start":{"line":849,"column":2},"end":{"line":881,"column":4}}},"fnMap":{"0":{"name":"kmNormalizeHost","decl":{"start":{"line":44,"column":9},"end":{"line":44,"column":24}},"loc":{"start":{"line":44,"column":32},"end":{"line":54,"column":1}},"line":44},"1":{"name":"kmRootDomain","decl":{"start":{"line":59,"column":9},"end":{"line":59,"column":21}},"loc":{"start":{"line":59,"column":28},"end":{"line":64,"column":1}},"line":59},"2":{"name":"kmHostFromCredential","decl":{"start":{"line":69,"column":9},"end":{"line":69,"column":29}},"loc":{"start":{"line":69,"column":42},"end":{"line":76,"column":1}},"line":69},"3":{"name":"kmCredentialMatchScore","decl":{"start":{"line":82,"column":9},"end":{"line":82,"column":31}},"loc":{"start":{"line":82,"column":58},"end":{"line":87,"column":1}},"line":82},"4":{"name":"kmIsEditableInput","decl":{"start":{"line":97,"column":9},"end":{"line":97,"column":26}},"loc":{"start":{"line":97,"column":36},"end":{"line":102,"column":1}},"line":97},"5":{"name":"kmIsVisible","decl":{"start":{"line":107,"column":9},"end":{"line":107,"column":20}},"loc":{"start":{"line":107,"column":30},"end":{"line":111,"column":1}},"line":107},"6":{"name":"kmCollectInputHints","decl":{"start":{"line":116,"column":9},"end":{"line":116,"column":28}},"loc":{"start":{"line":116,"column":38},"end":{"line":126,"column":1}},"line":116},"7":{"name":"kmHasAnyHint","decl":{"start":{"line":131,"column":9},"end":{"line":131,"column":21}},"loc":{"start":{"line":131,"column":36},"end":{"line":133,"column":1}},"line":131},"8":{"name":"(anonymous_8)","decl":{"start":{"line":132,"column":20},"end":{"line":132,"column":21}},"loc":{"start":{"line":132,"column":30},"end":{"line":132,"column":50}},"line":132},"9":{"name":"kmIsUsernameLikeInput","decl":{"start":{"line":139,"column":9},"end":{"line":139,"column":30}},"loc":{"start":{"line":139,"column":40},"end":{"line":154,"column":1}},"line":139},"10":{"name":"kmFindPasswordField","decl":{"start":{"line":159,"column":9},"end":{"line":159,"column":28}},"loc":{"start":{"line":159,"column":37},"end":{"line":164,"column":1}},"line":159},"11":{"name":"kmFindUsernameField","decl":{"start":{"line":169,"column":9},"end":{"line":169,"column":28}},"loc":{"start":{"line":169,"column":52},"end":{"line":195,"column":1}},"line":169},"12":{"name":"(anonymous_12)","decl":{"start":{"line":175,"column":12},"end":{"line":175,"column":13}},"loc":{"start":{"line":175,"column":19},"end":{"line":175,"column":45}},"line":175},"13":{"name":"kmDispatchInputEvents","decl":{"start":{"line":201,"column":9},"end":{"line":201,"column":30}},"loc":{"start":{"line":201,"column":40},"end":{"line":204,"column":1}},"line":201},"14":{"name":"kmDetectFormType","decl":{"start":{"line":217,"column":9},"end":{"line":217,"column":25}},"loc":{"start":{"line":217,"column":33},"end":{"line":224,"column":1}},"line":217},"15":{"name":"kmFindLoginForms","decl":{"start":{"line":233,"column":9},"end":{"line":233,"column":25}},"loc":{"start":{"line":233,"column":28},"end":{"line":255,"column":1}},"line":233},"16":{"name":"kmGetCachedCredentials","decl":{"start":{"line":265,"column":15},"end":{"line":265,"column":37}},"loc":{"start":{"line":265,"column":40},"end":{"line":270,"column":1}},"line":265},"17":{"name":"(anonymous_17)","decl":{"start":{"line":266,"column":35},"end":{"line":266,"column":36}},"loc":{"start":{"line":266,"column":48},"end":{"line":268,"column":3}},"line":266},"18":{"name":"kmGetSuggestionsForPage","decl":{"start":{"line":276,"column":15},"end":{"line":276,"column":38}},"loc":{"start":{"line":276,"column":41},"end":{"line":301,"column":1}},"line":276},"19":{"name":"(anonymous_19)","decl":{"start":{"line":283,"column":22},"end":{"line":283,"column":23}},"loc":{"start":{"line":283,"column":38},"end":{"line":292,"column":3}},"line":283},"20":{"name":"(anonymous_20)","decl":{"start":{"line":295,"column":15},"end":{"line":295,"column":16}},"loc":{"start":{"line":295,"column":25},"end":{"line":298,"column":3}},"line":295},"21":{"name":"kmHideOverlay","decl":{"start":{"line":311,"column":9},"end":{"line":311,"column":22}},"loc":{"start":{"line":311,"column":25},"end":{"line":316,"column":1}},"line":311},"22":{"name":"kmCreateOverlay","decl":{"start":{"line":322,"column":9},"end":{"line":322,"column":24}},"loc":{"start":{"line":322,"column":46},"end":{"line":383,"column":1}},"line":322},"23":{"name":"(anonymous_23)","decl":{"start":{"line":347,"column":22},"end":{"line":347,"column":23}},"loc":{"start":{"line":347,"column":38},"end":{"line":379,"column":3}},"line":347},"24":{"name":"(anonymous_24)","decl":{"start":{"line":365,"column":39},"end":{"line":365,"column":40}},"loc":{"start":{"line":365,"column":45},"end":{"line":365,"column":82}},"line":365},"25":{"name":"(anonymous_25)","decl":{"start":{"line":366,"column":39},"end":{"line":366,"column":40}},"loc":{"start":{"line":366,"column":45},"end":{"line":366,"column":86}},"line":366},"26":{"name":"(anonymous_26)","decl":{"start":{"line":371,"column":38},"end":{"line":371,"column":39}},"loc":{"start":{"line":371,"column":45},"end":{"line":376,"column":5}},"line":371},"27":{"name":"kmShowFillNotification","decl":{"start":{"line":397,"column":9},"end":{"line":397,"column":31}},"loc":{"start":{"line":397,"column":41},"end":{"line":430,"column":1}},"line":397},"28":{"name":"(anonymous_28)","decl":{"start":{"line":427,"column":13},"end":{"line":427,"column":14}},"loc":{"start":{"line":427,"column":19},"end":{"line":429,"column":3}},"line":427},"29":{"name":"kmIsAutofillEnabled","decl":{"start":{"line":443,"column":9},"end":{"line":443,"column":28}},"loc":{"start":{"line":443,"column":31},"end":{"line":451,"column":1}},"line":443},"30":{"name":"(anonymous_30)","decl":{"start":{"line":444,"column":21},"end":{"line":444,"column":22}},"loc":{"start":{"line":444,"column":34},"end":{"line":450,"column":3}},"line":444},"31":{"name":"(anonymous_31)","decl":{"start":{"line":445,"column":54},"end":{"line":445,"column":55}},"loc":{"start":{"line":445,"column":66},"end":{"line":449,"column":5}},"line":445},"32":{"name":"kmFillCredential","decl":{"start":{"line":462,"column":9},"end":{"line":462,"column":25}},"loc":{"start":{"line":462,"column":46},"end":{"line":487,"column":1}},"line":462},"33":{"name":"kmFillFields","decl":{"start":{"line":494,"column":9},"end":{"line":494,"column":21}},"loc":{"start":{"line":494,"column":64},"end":{"line":513,"column":1}},"line":494},"34":{"name":"kmAutoFillLoginForms","decl":{"start":{"line":535,"column":15},"end":{"line":535,"column":35}},"loc":{"start":{"line":535,"column":38},"end":{"line":567,"column":1}},"line":535},"35":{"name":"(anonymous_35)","decl":{"start":{"line":550,"column":42},"end":{"line":550,"column":43}},"loc":{"start":{"line":550,"column":49},"end":{"line":550,"column":78}},"line":550},"36":{"name":"kmScheduleAutoFill","decl":{"start":{"line":573,"column":9},"end":{"line":573,"column":27}},"loc":{"start":{"line":573,"column":30},"end":{"line":578,"column":1}},"line":573},"37":{"name":"(anonymous_37)","decl":{"start":{"line":575,"column":29},"end":{"line":575,"column":30}},"loc":{"start":{"line":575,"column":35},"end":{"line":577,"column":3}},"line":575},"38":{"name":"(anonymous_38)","decl":{"start":{"line":576,"column":33},"end":{"line":576,"column":34}},"loc":{"start":{"line":576,"column":40},"end":{"line":576,"column":89}},"line":576},"39":{"name":"kmStartDomObserver","decl":{"start":{"line":590,"column":9},"end":{"line":590,"column":27}},"loc":{"start":{"line":590,"column":30},"end":{"line":614,"column":1}},"line":590},"40":{"name":"(anonymous_40)","decl":{"start":{"line":593,"column":39},"end":{"line":593,"column":40}},"loc":{"start":{"line":593,"column":54},"end":{"line":608,"column":3}},"line":593},"41":{"name":"(anonymous_41)","decl":{"start":{"line":595,"column":40},"end":{"line":595,"column":41}},"loc":{"start":{"line":596,"column":6},"end":{"line":602,"column":8}},"line":596},"42":{"name":"(anonymous_42)","decl":{"start":{"line":596,"column":43},"end":{"line":596,"column":44}},"loc":{"start":{"line":596,"column":53},"end":{"line":602,"column":7}},"line":596},"43":{"name":"kmHandleInputFocus","decl":{"start":{"line":626,"column":15},"end":{"line":626,"column":33}},"loc":{"start":{"line":626,"column":41},"end":{"line":654,"column":1}},"line":626},"44":{"name":"kmIsKeyManagerPage","decl":{"start":{"line":666,"column":9},"end":{"line":666,"column":27}},"loc":{"start":{"line":666,"column":30},"end":{"line":668,"column":1}},"line":666},"45":{"name":"kmIsDashboardPage","decl":{"start":{"line":675,"column":9},"end":{"line":675,"column":26}},"loc":{"start":{"line":675,"column":29},"end":{"line":677,"column":1}},"line":675}},"branchMap":{"0":{"loc":{"start":{"line":45,"column":21},"end":{"line":45,"column":32}},"type":"binary-expr","locations":[{"start":{"line":45,"column":21},"end":{"line":45,"column":26}},{"start":{"line":45,"column":30},"end":{"line":45,"column":32}}],"line":45},"1":{"loc":{"start":{"line":46,"column":2},"end":{"line":46,"column":22}},"type":"if","locations":[{"start":{"line":46,"column":2},"end":{"line":46,"column":22}},{"start":{},"end":{}}],"line":46},"2":{"loc":{"start":{"line":49,"column":27},"end":{"line":49,"column":71}},"type":"cond-expr","locations":[{"start":{"line":49,"column":49},"end":{"line":49,"column":52}},{"start":{"line":49,"column":55},"end":{"line":49,"column":71}}],"line":49},"3":{"loc":{"start":{"line":61,"column":2},"end":{"line":61,"column":29}},"type":"if","locations":[{"start":{"line":61,"column":2},"end":{"line":61,"column":29}},{"start":{},"end":{}}],"line":61},"4":{"loc":{"start":{"line":63,"column":9},"end":{"line":63,"column":67}},"type":"cond-expr","locations":[{"start":{"line":63,"column":29},"end":{"line":63,"column":39}},{"start":{"line":63,"column":42},"end":{"line":63,"column":67}}],"line":63},"5":{"loc":{"start":{"line":70,"column":34},"end":{"line":70,"column":54}},"type":"binary-expr","locations":[{"start":{"line":70,"column":34},"end":{"line":70,"column":48}},{"start":{"line":70,"column":52},"end":{"line":70,"column":54}}],"line":70},"6":{"loc":{"start":{"line":71,"column":2},"end":{"line":71,"column":30}},"type":"if","locations":[{"start":{"line":71,"column":2},"end":{"line":71,"column":30}},{"start":{},"end":{}}],"line":71},"7":{"loc":{"start":{"line":73,"column":25},"end":{"line":73,"column":54}},"type":"binary-expr","locations":[{"start":{"line":73,"column":25},"end":{"line":73,"column":48}},{"start":{"line":73,"column":52},"end":{"line":73,"column":54}}],"line":73},"8":{"loc":{"start":{"line":75,"column":9},"end":{"line":75,"column":47}},"type":"cond-expr","locations":[{"start":{"line":75,"column":17},"end":{"line":75,"column":42}},{"start":{"line":75,"column":45},"end":{"line":75,"column":47}}],"line":75},"9":{"loc":{"start":{"line":83,"column":2},"end":{"line":83,"column":45}},"type":"if","locations":[{"start":{"line":83,"column":2},"end":{"line":83,"column":45}},{"start":{},"end":{}}],"line":83},"10":{"loc":{"start":{"line":83,"column":6},"end":{"line":83,"column":34}},"type":"binary-expr","locations":[{"start":{"line":83,"column":6},"end":{"line":83,"column":21}},{"start":{"line":83,"column":25},"end":{"line":83,"column":34}}],"line":83},"11":{"loc":{"start":{"line":84,"column":2},"end":{"line":84,"column":44}},"type":"if","locations":[{"start":{"line":84,"column":2},"end":{"line":84,"column":44}},{"start":{},"end":{}}],"line":84},"12":{"loc":{"start":{"line":85,"column":2},"end":{"line":85,"column":72}},"type":"if","locations":[{"start":{"line":85,"column":2},"end":{"line":85,"column":72}},{"start":{},"end":{}}],"line":85},"13":{"loc":{"start":{"line":98,"column":2},"end":{"line":98,"column":59}},"type":"if","locations":[{"start":{"line":98,"column":2},"end":{"line":98,"column":59}},{"start":{},"end":{}}],"line":98},"14":{"loc":{"start":{"line":99,"column":2},"end":{"line":99,"column":57}},"type":"if","locations":[{"start":{"line":99,"column":2},"end":{"line":99,"column":57}},{"start":{},"end":{}}],"line":99},"15":{"loc":{"start":{"line":99,"column":6},"end":{"line":99,"column":42}},"type":"binary-expr","locations":[{"start":{"line":99,"column":6},"end":{"line":99,"column":22}},{"start":{"line":99,"column":26},"end":{"line":99,"column":42}}],"line":99},"16":{"loc":{"start":{"line":100,"column":16},"end":{"line":100,"column":38}},"type":"binary-expr","locations":[{"start":{"line":100,"column":16},"end":{"line":100,"column":28}},{"start":{"line":100,"column":32},"end":{"line":100,"column":38}}],"line":100},"17":{"loc":{"start":{"line":108,"column":2},"end":{"line":108,"column":29}},"type":"if","locations":[{"start":{"line":108,"column":2},"end":{"line":108,"column":29}},{"start":{},"end":{}}],"line":108},"18":{"loc":{"start":{"line":110,"column":9},"end":{"line":110,"column":66}},"type":"binary-expr","locations":[{"start":{"line":110,"column":9},"end":{"line":110,"column":33}},{"start":{"line":110,"column":37},"end":{"line":110,"column":66}}],"line":110},"19":{"loc":{"start":{"line":118,"column":4},"end":{"line":118,"column":20}},"type":"binary-expr","locations":[{"start":{"line":118,"column":4},"end":{"line":118,"column":14}},{"start":{"line":118,"column":18},"end":{"line":118,"column":20}}],"line":118},"20":{"loc":{"start":{"line":119,"column":4},"end":{"line":119,"column":22}},"type":"binary-expr","locations":[{"start":{"line":119,"column":4},"end":{"line":119,"column":16}},{"start":{"line":119,"column":20},"end":{"line":119,"column":22}}],"line":119},"21":{"loc":{"start":{"line":120,"column":4},"end":{"line":120,"column":46}},"type":"binary-expr","locations":[{"start":{"line":120,"column":4},"end":{"line":120,"column":40}},{"start":{"line":120,"column":44},"end":{"line":120,"column":46}}],"line":120},"22":{"loc":{"start":{"line":121,"column":4},"end":{"line":121,"column":45}},"type":"binary-expr","locations":[{"start":{"line":121,"column":4},"end":{"line":121,"column":39}},{"start":{"line":121,"column":43},"end":{"line":121,"column":45}}],"line":121},"23":{"loc":{"start":{"line":122,"column":4},"end":{"line":122,"column":44}},"type":"binary-expr","locations":[{"start":{"line":122,"column":4},"end":{"line":122,"column":38}},{"start":{"line":122,"column":42},"end":{"line":122,"column":44}}],"line":122},"24":{"loc":{"start":{"line":123,"column":4},"end":{"line":123,"column":45}},"type":"binary-expr","locations":[{"start":{"line":123,"column":4},"end":{"line":123,"column":39}},{"start":{"line":123,"column":43},"end":{"line":123,"column":45}}],"line":123},"25":{"loc":{"start":{"line":124,"column":4},"end":{"line":124,"column":66}},"type":"cond-expr","locations":[{"start":{"line":124,"column":44},"end":{"line":124,"column":61}},{"start":{"line":124,"column":64},"end":{"line":124,"column":66}}],"line":124},"26":{"loc":{"start":{"line":140,"column":2},"end":{"line":140,"column":48}},"type":"if","locations":[{"start":{"line":140,"column":2},"end":{"line":140,"column":48}},{"start":{},"end":{}}],"line":140},"27":{"loc":{"start":{"line":142,"column":16},"end":{"line":142,"column":38}},"type":"binary-expr","locations":[{"start":{"line":142,"column":16},"end":{"line":142,"column":28}},{"start":{"line":142,"column":32},"end":{"line":142,"column":38}}],"line":142},"28":{"loc":{"start":{"line":143,"column":2},"end":{"line":143,"column":78}},"type":"if","locations":[{"start":{"line":143,"column":2},"end":{"line":143,"column":78}},{"start":{},"end":{}}],"line":143},"29":{"loc":{"start":{"line":145,"column":24},"end":{"line":145,"column":66}},"type":"binary-expr","locations":[{"start":{"line":145,"column":24},"end":{"line":145,"column":60}},{"start":{"line":145,"column":64},"end":{"line":145,"column":66}}],"line":145},"30":{"loc":{"start":{"line":146,"column":2},"end":{"line":146,"column":53}},"type":"if","locations":[{"start":{"line":146,"column":2},"end":{"line":146,"column":53}},{"start":{},"end":{}}],"line":146},"31":{"loc":{"start":{"line":147,"column":2},"end":{"line":147,"column":75}},"type":"if","locations":[{"start":{"line":147,"column":2},"end":{"line":147,"column":75}},{"start":{},"end":{}}],"line":147},"32":{"loc":{"start":{"line":147,"column":6},"end":{"line":147,"column":61}},"type":"binary-expr","locations":[{"start":{"line":147,"column":6},"end":{"line":147,"column":33}},{"start":{"line":147,"column":37},"end":{"line":147,"column":61}}],"line":147},"33":{"loc":{"start":{"line":150,"column":2},"end":{"line":150,"column":27}},"type":"if","locations":[{"start":{"line":150,"column":2},"end":{"line":150,"column":27}},{"start":{},"end":{}}],"line":150},"34":{"loc":{"start":{"line":151,"column":2},"end":{"line":151,"column":65}},"type":"if","locations":[{"start":{"line":151,"column":2},"end":{"line":151,"column":65}},{"start":{},"end":{}}],"line":151},"35":{"loc":{"start":{"line":160,"column":16},"end":{"line":160,"column":39}},"type":"binary-expr","locations":[{"start":{"line":160,"column":16},"end":{"line":160,"column":27}},{"start":{"line":160,"column":31},"end":{"line":160,"column":39}}],"line":160},"36":{"loc":{"start":{"line":163,"column":9},"end":{"line":163,"column":70}},"type":"cond-expr","locations":[{"start":{"line":163,"column":38},"end":{"line":163,"column":44}},{"start":{"line":163,"column":48},"end":{"line":163,"column":69}}],"line":163},"37":{"loc":{"start":{"line":163,"column":48},"end":{"line":163,"column":69}},"type":"binary-expr","locations":[{"start":{"line":163,"column":48},"end":{"line":163,"column":61}},{"start":{"line":163,"column":65},"end":{"line":163,"column":69}}],"line":163},"38":{"loc":{"start":{"line":170,"column":16},"end":{"line":170,"column":39}},"type":"binary-expr","locations":[{"start":{"line":170,"column":16},"end":{"line":170,"column":27}},{"start":{"line":170,"column":31},"end":{"line":170,"column":39}}],"line":170},"39":{"loc":{"start":{"line":175,"column":19},"end":{"line":175,"column":45}},"type":"binary-expr","locations":[{"start":{"line":175,"column":19},"end":{"line":175,"column":30}},{"start":{"line":175,"column":34},"end":{"line":175,"column":45}}],"line":175},"40":{"loc":{"start":{"line":178,"column":2},"end":{"line":180,"column":3}},"type":"if","locations":[{"start":{"line":178,"column":2},"end":{"line":180,"column":3}},{"start":{},"end":{}}],"line":178},"41":{"loc":{"start":{"line":179,"column":11},"end":{"line":179,"column":56}},"type":"cond-expr","locations":[{"start":{"line":179,"column":43},"end":{"line":179,"column":49}},{"start":{"line":179,"column":52},"end":{"line":179,"column":56}}],"line":179},"42":{"loc":{"start":{"line":182,"column":2},"end":{"line":182,"column":51}},"type":"if","locations":[{"start":{"line":182,"column":2},"end":{"line":182,"column":51}},{"start":{},"end":{}}],"line":182},"43":{"loc":{"start":{"line":185,"column":2},"end":{"line":192,"column":3}},"type":"if","locations":[{"start":{"line":185,"column":2},"end":{"line":192,"column":3}},{"start":{},"end":{}}],"line":185},"44":{"loc":{"start":{"line":188,"column":6},"end":{"line":190,"column":7}},"type":"if","locations":[{"start":{"line":188,"column":6},"end":{"line":190,"column":7}},{"start":{},"end":{}}],"line":188},"45":{"loc":{"start":{"line":221,"column":2},"end":{"line":221,"column":52}},"type":"if","locations":[{"start":{"line":221,"column":2},"end":{"line":221,"column":52}},{"start":{},"end":{}}],"line":221},"46":{"loc":{"start":{"line":222,"column":2},"end":{"line":222,"column":52}},"type":"if","locations":[{"start":{"line":222,"column":2},"end":{"line":222,"column":52}},{"start":{},"end":{}}],"line":222},"47":{"loc":{"start":{"line":237,"column":17},"end":{"line":237,"column":59}},"type":"cond-expr","locations":[{"start":{"line":237,"column":36},"end":{"line":237,"column":41}},{"start":{"line":237,"column":44},"end":{"line":237,"column":59}}],"line":237},"48":{"loc":{"start":{"line":240,"column":4},"end":{"line":240,"column":54}},"type":"if","locations":[{"start":{"line":240,"column":4},"end":{"line":240,"column":54}},{"start":{},"end":{}}],"line":240},"49":{"loc":{"start":{"line":244,"column":4},"end":{"line":244,"column":33}},"type":"if","locations":[{"start":{"line":244,"column":4},"end":{"line":244,"column":33}},{"start":{},"end":{}}],"line":244},"50":{"loc":{"start":{"line":249,"column":4},"end":{"line":249,"column":33}},"type":"if","locations":[{"start":{"line":249,"column":4},"end":{"line":249,"column":33}},{"start":{},"end":{}}],"line":249},"51":{"loc":{"start":{"line":269,"column":9},"end":{"line":269,"column":86}},"type":"cond-expr","locations":[{"start":{"line":269,"column":54},"end":{"line":269,"column":81}},{"start":{"line":269,"column":84},"end":{"line":269,"column":86}}],"line":269},"52":{"loc":{"start":{"line":278,"column":2},"end":{"line":278,"column":23}},"type":"if","locations":[{"start":{"line":278,"column":2},"end":{"line":278,"column":23}},{"start":{},"end":{}}],"line":278},"53":{"loc":{"start":{"line":286,"column":4},"end":{"line":286,"column":27}},"type":"if","locations":[{"start":{"line":286,"column":4},"end":{"line":286,"column":27}},{"start":{},"end":{}}],"line":286},"54":{"loc":{"start":{"line":290,"column":18},"end":{"line":290,"column":60}},"type":"cond-expr","locations":[{"start":{"line":290,"column":32},"end":{"line":290,"column":44}},{"start":{"line":290,"column":47},"end":{"line":290,"column":60}}],"line":290},"55":{"loc":{"start":{"line":296,"column":4},"end":{"line":296,"column":48}},"type":"if","locations":[{"start":{"line":296,"column":4},"end":{"line":296,"column":48}},{"start":{},"end":{}}],"line":296},"56":{"loc":{"start":{"line":297,"column":11},"end":{"line":297,"column":49}},"type":"cond-expr","locations":[{"start":{"line":297,"column":43},"end":{"line":297,"column":45}},{"start":{"line":297,"column":48},"end":{"line":297,"column":49}}],"line":297},"57":{"loc":{"start":{"line":312,"column":2},"end":{"line":314,"column":3}},"type":"if","locations":[{"start":{"line":312,"column":2},"end":{"line":314,"column":3}},{"start":{},"end":{}}],"line":312},"58":{"loc":{"start":{"line":312,"column":6},"end":{"line":312,"column":53}},"type":"binary-expr","locations":[{"start":{"line":312,"column":6},"end":{"line":312,"column":22}},{"start":{"line":312,"column":26},"end":{"line":312,"column":53}}],"line":312},"59":{"loc":{"start":{"line":324,"column":2},"end":{"line":324,"column":55}},"type":"if","locations":[{"start":{"line":324,"column":2},"end":{"line":324,"column":55}},{"start":{},"end":{}}],"line":324},"60":{"loc":{"start":{"line":324,"column":6},"end":{"line":324,"column":46}},"type":"binary-expr","locations":[{"start":{"line":324,"column":6},"end":{"line":324,"column":18}},{"start":{"line":324,"column":22},"end":{"line":324,"column":46}}],"line":324},"61":{"loc":{"start":{"line":363,"column":23},"end":{"line":363,"column":60}},"type":"binary-expr","locations":[{"start":{"line":363,"column":23},"end":{"line":363,"column":46}},{"start":{"line":363,"column":50},"end":{"line":363,"column":60}}],"line":363},"62":{"loc":{"start":{"line":363,"column":73},"end":{"line":363,"column":98}},"type":"binary-expr","locations":[{"start":{"line":363,"column":73},"end":{"line":363,"column":92}},{"start":{"line":363,"column":96},"end":{"line":363,"column":98}}],"line":363},"63":{"loc":{"start":{"line":398,"column":2},"end":{"line":398,"column":23}},"type":"if","locations":[{"start":{"line":398,"column":2},"end":{"line":398,"column":23}},{"start":{},"end":{}}],"line":398},"64":{"loc":{"start":{"line":402,"column":2},"end":{"line":402,"column":34}},"type":"if","locations":[{"start":{"line":402,"column":2},"end":{"line":402,"column":34}},{"start":{},"end":{}}],"line":402},"65":{"loc":{"start":{"line":428,"column":4},"end":{"line":428,"column":41}},"type":"if","locations":[{"start":{"line":428,"column":4},"end":{"line":428,"column":41}},{"start":{},"end":{}}],"line":428},"66":{"loc":{"start":{"line":448,"column":14},"end":{"line":448,"column":61}},"type":"cond-expr","locations":[{"start":{"line":448,"column":38},"end":{"line":448,"column":42}},{"start":{"line":448,"column":45},"end":{"line":448,"column":61}}],"line":448},"67":{"loc":{"start":{"line":467,"column":2},"end":{"line":472,"column":3}},"type":"if","locations":[{"start":{"line":467,"column":2},"end":{"line":472,"column":3}},{"start":{},"end":{}}],"line":467},"68":{"loc":{"start":{"line":467,"column":6},"end":{"line":467,"column":62}},"type":"binary-expr","locations":[{"start":{"line":467,"column":6},"end":{"line":467,"column":19}},{"start":{"line":467,"column":23},"end":{"line":467,"column":62}}],"line":467},"69":{"loc":{"start":{"line":474,"column":2},"end":{"line":479,"column":3}},"type":"if","locations":[{"start":{"line":474,"column":2},"end":{"line":479,"column":3}},{"start":{},"end":{}}],"line":474},"70":{"loc":{"start":{"line":474,"column":6},"end":{"line":474,"column":62}},"type":"binary-expr","locations":[{"start":{"line":474,"column":6},"end":{"line":474,"column":19}},{"start":{"line":474,"column":23},"end":{"line":474,"column":62}}],"line":474},"71":{"loc":{"start":{"line":482,"column":2},"end":{"line":484,"column":3}},"type":"if","locations":[{"start":{"line":482,"column":2},"end":{"line":484,"column":3}},{"start":{},"end":{}}],"line":482},"72":{"loc":{"start":{"line":497,"column":2},"end":{"line":501,"column":3}},"type":"if","locations":[{"start":{"line":497,"column":2},"end":{"line":501,"column":3}},{"start":{},"end":{}}],"line":497},"73":{"loc":{"start":{"line":497,"column":6},"end":{"line":497,"column":62}},"type":"binary-expr","locations":[{"start":{"line":497,"column":6},"end":{"line":497,"column":19}},{"start":{"line":497,"column":23},"end":{"line":497,"column":62}}],"line":497},"74":{"loc":{"start":{"line":503,"column":2},"end":{"line":507,"column":3}},"type":"if","locations":[{"start":{"line":503,"column":2},"end":{"line":507,"column":3}},{"start":{},"end":{}}],"line":503},"75":{"loc":{"start":{"line":503,"column":6},"end":{"line":503,"column":62}},"type":"binary-expr","locations":[{"start":{"line":503,"column":6},"end":{"line":503,"column":19}},{"start":{"line":503,"column":23},"end":{"line":503,"column":62}}],"line":503},"76":{"loc":{"start":{"line":510,"column":2},"end":{"line":512,"column":3}},"type":"if","locations":[{"start":{"line":510,"column":2},"end":{"line":512,"column":3}},{"start":{},"end":{}}],"line":510},"77":{"loc":{"start":{"line":537,"column":2},"end":{"line":537,"column":35}},"type":"if","locations":[{"start":{"line":537,"column":2},"end":{"line":537,"column":35}},{"start":{},"end":{}}],"line":537},"78":{"loc":{"start":{"line":541,"column":2},"end":{"line":541,"column":23}},"type":"if","locations":[{"start":{"line":541,"column":2},"end":{"line":541,"column":23}},{"start":{},"end":{}}],"line":541},"79":{"loc":{"start":{"line":544,"column":2},"end":{"line":544,"column":38}},"type":"if","locations":[{"start":{"line":544,"column":2},"end":{"line":544,"column":38}},{"start":{},"end":{}}],"line":544},"80":{"loc":{"start":{"line":547,"column":2},"end":{"line":547,"column":39}},"type":"if","locations":[{"start":{"line":547,"column":2},"end":{"line":547,"column":39}},{"start":{},"end":{}}],"line":547},"81":{"loc":{"start":{"line":551,"column":27},"end":{"line":551,"column":80}},"type":"binary-expr","locations":[{"start":{"line":551,"column":27},"end":{"line":551,"column":52}},{"start":{"line":551,"column":56},"end":{"line":551,"column":80}}],"line":551},"82":{"loc":{"start":{"line":555,"column":34},"end":{"line":555,"column":84}},"type":"binary-expr","locations":[{"start":{"line":555,"column":34},"end":{"line":555,"column":47}},{"start":{"line":555,"column":51},"end":{"line":555,"column":84}}],"line":555},"83":{"loc":{"start":{"line":556,"column":34},"end":{"line":556,"column":84}},"type":"binary-expr","locations":[{"start":{"line":556,"column":34},"end":{"line":556,"column":47}},{"start":{"line":556,"column":51},"end":{"line":556,"column":84}}],"line":556},"84":{"loc":{"start":{"line":557,"column":4},"end":{"line":557,"column":65}},"type":"if","locations":[{"start":{"line":557,"column":4},"end":{"line":557,"column":65}},{"start":{},"end":{}}],"line":557},"85":{"loc":{"start":{"line":557,"column":8},"end":{"line":557,"column":54}},"type":"binary-expr","locations":[{"start":{"line":557,"column":8},"end":{"line":557,"column":29}},{"start":{"line":557,"column":33},"end":{"line":557,"column":54}}],"line":557},"86":{"loc":{"start":{"line":559,"column":4},"end":{"line":565,"column":5}},"type":"if","locations":[{"start":{"line":559,"column":4},"end":{"line":565,"column":5}},{"start":{"line":562,"column":11},"end":{"line":565,"column":5}}],"line":559},"87":{"loc":{"start":{"line":574,"column":2},"end":{"line":574,"column":49}},"type":"if","locations":[{"start":{"line":574,"column":2},"end":{"line":574,"column":49}},{"start":{},"end":{}}],"line":574},"88":{"loc":{"start":{"line":591,"column":2},"end":{"line":591,"column":46}},"type":"if","locations":[{"start":{"line":591,"column":2},"end":{"line":591,"column":46}},{"start":{},"end":{}}],"line":591},"89":{"loc":{"start":{"line":591,"column":6},"end":{"line":591,"column":37}},"type":"binary-expr","locations":[{"start":{"line":591,"column":6},"end":{"line":591,"column":19}},{"start":{"line":591,"column":23},"end":{"line":591,"column":37}}],"line":591},"90":{"loc":{"start":{"line":597,"column":8},"end":{"line":597,"column":53}},"type":"if","locations":[{"start":{"line":597,"column":8},"end":{"line":597,"column":53}},{"start":{},"end":{}}],"line":597},"91":{"loc":{"start":{"line":599,"column":10},"end":{"line":600,"column":95}},"type":"binary-expr","locations":[{"start":{"line":599,"column":10},"end":{"line":599,"column":37}},{"start":{"line":600,"column":10},"end":{"line":600,"column":95}}],"line":599},"92":{"loc":{"start":{"line":605,"column":4},"end":{"line":607,"column":5}},"type":"if","locations":[{"start":{"line":605,"column":4},"end":{"line":607,"column":5}},{"start":{},"end":{}}],"line":605},"93":{"loc":{"start":{"line":630,"column":2},"end":{"line":633,"column":3}},"type":"if","locations":[{"start":{"line":630,"column":2},"end":{"line":633,"column":3}},{"start":{},"end":{}}],"line":630},"94":{"loc":{"start":{"line":635,"column":2},"end":{"line":638,"column":3}},"type":"if","locations":[{"start":{"line":635,"column":2},"end":{"line":638,"column":3}},{"start":{},"end":{}}],"line":635},"95":{"loc":{"start":{"line":640,"column":2},"end":{"line":643,"column":3}},"type":"if","locations":[{"start":{"line":640,"column":2},"end":{"line":643,"column":3}},{"start":{},"end":{}}],"line":640},"96":{"loc":{"start":{"line":647,"column":2},"end":{"line":650,"column":3}},"type":"if","locations":[{"start":{"line":647,"column":2},"end":{"line":650,"column":3}},{"start":{},"end":{}}],"line":647},"97":{"loc":{"start":{"line":848,"column":0},"end":{"line":882,"column":1}},"type":"if","locations":[{"start":{"line":848,"column":0},"end":{"line":882,"column":1}},{"start":{},"end":{}}],"line":848}},"s":{"0":1,"1":1,"2":1,"3":1,"4":1,"5":1,"6":1,"7":32,"8":32,"9":6,"10":26,"11":26,"12":26,"13":0,"14":11,"15":11,"16":1,"17":10,"18":10,"19":9,"20":9,"21":7,"22":2,"23":2,"24":2,"25":11,"26":2,"27":9,"28":5,"29":4,"30":1,"31":3,"32":40,"33":2,"34":38,"35":2,"36":36,"37":36,"38":32,"39":1,"40":31,"41":31,"42":24,"43":47,"44":369,"45":31,"46":0,"47":31,"48":31,"49":6,"50":25,"51":25,"52":1,"53":24,"54":1,"55":23,"56":23,"57":0,"58":23,"59":1,"60":22,"61":7,"62":7,"63":7,"64":11,"65":11,"66":11,"67":11,"68":2,"69":9,"70":5,"71":4,"72":4,"73":4,"74":4,"75":4,"76":4,"77":0,"78":15,"79":15,"80":8,"81":8,"82":2,"83":6,"84":2,"85":4,"86":5,"87":5,"88":5,"89":5,"90":5,"91":2,"92":3,"93":3,"94":0,"95":3,"96":3,"97":0,"98":3,"99":5,"100":8,"101":8,"102":8,"103":6,"104":6,"105":0,"106":6,"107":6,"108":6,"109":6,"110":6,"111":6,"112":2,"113":4,"114":6,"115":0,"116":0,"117":0,"118":6,"119":15,"120":4,"121":15,"122":7,"123":7,"124":1,"125":6,"126":6,"127":6,"128":6,"129":6,"130":6,"131":6,"132":6,"133":6,"134":6,"135":0,"136":6,"137":0,"138":6,"139":3,"140":3,"141":3,"142":3,"143":6,"144":6,"145":6,"146":12,"147":1,"148":11,"149":11,"150":0,"151":11,"152":11,"153":11,"154":11,"155":11,"156":11,"157":0,"158":0,"159":8,"160":8,"161":8,"162":8,"163":6,"164":6,"165":6,"166":6,"167":5,"168":5,"169":5,"170":5,"171":6,"172":5,"173":5,"174":5,"175":5,"176":6,"177":5,"178":6,"179":3,"180":3,"181":2,"182":2,"183":2,"184":3,"185":3,"186":3,"187":3,"188":3,"189":3,"190":3,"191":0,"192":3,"193":3,"194":1,"195":2,"196":2,"197":0,"198":2,"199":2,"200":0,"201":2,"202":2,"203":2,"204":2,"205":2,"206":2,"207":2,"208":1,"209":1,"210":1,"211":0,"212":0,"213":0,"214":0,"215":0,"216":0,"217":0,"218":0,"219":0,"220":0,"221":0,"222":0,"223":0,"224":0,"225":0,"226":0,"227":0,"228":4,"229":4,"230":0,"231":0,"232":4,"233":1,"234":1,"235":3,"236":1,"237":1,"238":2,"239":2,"240":1,"241":1,"242":1,"243":1,"244":11,"245":1,"246":1,"247":1},"f":{"0":32,"1":11,"2":9,"3":11,"4":40,"5":32,"6":24,"7":47,"8":369,"9":31,"10":7,"11":11,"12":11,"13":15,"14":8,"15":5,"16":8,"17":8,"18":6,"19":6,"20":0,"21":15,"22":7,"23":6,"24":0,"25":0,"26":3,"27":12,"28":0,"29":8,"30":8,"31":8,"32":6,"33":3,"34":3,"35":2,"36":0,"37":0,"38":0,"39":0,"40":0,"41":0,"42":0,"43":4,"44":11,"45":1},"b":{"0":[32,6],"1":[6,26],"2":[8,18],"3":[1,10],"4":[8,2],"5":[9,2],"6":[7,2],"7":[2,1],"8":[1,1],"9":[2,9],"10":[11,10],"11":[5,4],"12":[1,3],"13":[2,38],"14":[2,36],"15":[38,37],"16":[36,0],"17":[1,31],"18":[31,30],"19":[24,2],"20":[24,23],"21":[24,24],"22":[24,23],"23":[24,23],"24":[24,24],"25":[24,0],"26":[0,31],"27":[31,0],"28":[6,25],"29":[25,23],"30":[1,24],"31":[1,23],"32":[24,23],"33":[0,23],"34":[1,22],"35":[7,1],"36":[1,6],"37":[6,1],"38":[11,1],"39":[11,11],"40":[2,9],"41":[0,2],"42":[5,4],"43":[4,0],"44":[4,0],"45":[2,6],"46":[2,4],"47":[5,0],"48":[2,3],"49":[0,3],"50":[0,3],"51":[7,1],"52":[0,6],"53":[2,4],"54":[4,0],"55":[0,0],"56":[0,0],"57":[4,11],"58":[15,6],"59":[1,6],"60":[7,7],"61":[6,0],"62":[6,0],"63":[1,11],"64":[0,11],"65":[0,0],"66":[2,6],"67":[5,1],"68":[6,5],"69":[5,1],"70":[6,5],"71":[5,1],"72":[2,1],"73":[3,2],"74":[3,0],"75":[3,3],"76":[3,0],"77":[0,3],"78":[1,2],"79":[0,2],"80":[0,2],"81":[2,2],"82":[2,2],"83":[2,2],"84":[1,1],"85":[2,1],"86":[1,0],"87":[0,0],"88":[0,0],"89":[0,0],"90":[0,0],"91":[0,0],"92":[0,0],"93":[0,4],"94":[1,3],"95":[1,2],"96":[1,1],"97":[1,0]},"_coverageSchema":"1a1c01bbd47fc00a2c39e90264f33305004495a9","hash":"a26b10e5ece9c8114c6a23853a49fe1db4e6464c"}
}
