TN:
SF:content.js
FN:44,kmNormalizeHost
FN:59,kmRootDomain
FN:69,kmHostFromCredential
FN:82,kmCredentialMatchScore
FN:97,kmIsEditableInput
FN:107,kmIsVisible
FN:116,kmCollectInputHints
FN:131,kmHasAnyHint
FN:132,(anonymous_8)
FN:139,kmIsUsernameLikeInput
FN:159,kmFindPasswordField
FN:169,kmFindUsernameField
FN:175,(anonymous_12)
FN:201,kmDispatchInputEvents
FN:217,kmDetectFormType
FN:233,kmFindLoginForms
FN:265,kmGetCachedCredentials
FN:266,(anonymous_17)
FN:276,kmGetSuggestionsForPage
FN:283,(anonymous_19)
FN:295,(anonymous_20)
FN:311,kmHideOverlay
FN:322,kmCreateOverlay
FN:347,(anonymous_23)
FN:365,(anonymous_24)
FN:366,(anonymous_25)
FN:371,(anonymous_26)
FN:397,kmShowFillNotification
FN:427,(anonymous_28)
FN:443,kmIsAutofillEnabled
FN:444,(anonymous_30)
FN:447,(anonymous_31)
FN:472,kmHandleSettingsMessage
FN:484,(anonymous_33)
FN:508,kmFillCredential
FN:540,kmFillFields
FN:581,kmAutoFillLoginForms
FN:596,(anonymous_37)
FN:619,kmScheduleAutoFill
FN:621,(anonymous_39)
FN:622,(anonymous_40)
FN:636,kmStartDomObserver
FN:639,(anonymous_42)
FN:641,(anonymous_43)
FN:642,(anonymous_44)
FN:672,kmHandleInputFocus
FN:712,kmIsKeyManagerPage
FN:721,kmIsDashboardPage
FNF:48
FNH:37
FNDA:32,kmNormalizeHost
FNDA:11,kmRootDomain
FNDA:9,kmHostFromCredential
FNDA:11,kmCredentialMatchScore
FNDA:42,kmIsEditableInput
FNDA:32,kmIsVisible
FNDA:25,kmCollectInputHints
FNDA:49,kmHasAnyHint
FNDA:384,(anonymous_8)
FNDA:32,kmIsUsernameLikeInput
FNDA:7,kmFindPasswordField
FNDA:11,kmFindUsernameField
FNDA:11,(anonymous_12)
FNDA:15,kmDispatchInputEvents
FNDA:8,kmDetectFormType
FNDA:5,kmFindLoginForms
FNDA:8,kmGetCachedCredentials
FNDA:8,(anonymous_17)
FNDA:6,kmGetSuggestionsForPage
FNDA:6,(anonymous_19)
FNDA:0,(anonymous_20)
FNDA:16,kmHideOverlay
FNDA:7,kmCreateOverlay
FNDA:6,(anonymous_23)
FNDA:0,(anonymous_24)
FNDA:0,(anonymous_25)
FNDA:3,(anonymous_26)
FNDA:12,kmShowFillNotification
FNDA:0,(anonymous_28)
FNDA:15,kmIsAutofillEnabled
FNDA:15,(anonymous_30)
FNDA:15,(anonymous_31)
FNDA:10,kmHandleSettingsMessage
FNDA:3,(anonymous_33)
FNDA:6,kmFillCredential
FNDA:3,kmFillFields
FNDA:4,kmAutoFillLoginForms
FNDA:2,(anonymous_37)
FNDA:0,kmScheduleAutoFill
FNDA:0,(anonymous_39)
FNDA:0,(anonymous_40)
FNDA:0,kmStartDomObserver
FNDA:0,(anonymous_42)
FNDA:0,(anonymous_43)
FNDA:0,(anonymous_44)
FNDA:5,kmHandleInputFocus
FNDA:13,kmIsKeyManagerPage
FNDA:1,kmIsDashboardPage
DA:8,1
DA:11,1
DA:17,1
DA:24,1
DA:27,1
DA:30,1
DA:33,1
DA:45,32
DA:46,32
DA:48,26
DA:49,26
DA:50,26
DA:52,0
DA:60,11
DA:61,11
DA:62,10
DA:63,10
DA:70,9
DA:71,9
DA:73,2
DA:74,2
DA:75,2
DA:83,11
DA:84,9
DA:85,4
DA:86,3
DA:98,42
DA:99,40
DA:100,38
DA:101,38
DA:108,32
DA:109,31
DA:110,31
DA:117,25
DA:132,384
DA:140,32
DA:142,32
DA:143,32
DA:145,26
DA:146,26
DA:147,25
DA:149,24
DA:150,24
DA:151,24
DA:153,23
DA:160,7
DA:161,7
DA:163,7
DA:170,11
DA:171,11
DA:175,11
DA:178,11
DA:179,2
DA:182,9
DA:185,4
DA:186,4
DA:187,4
DA:188,4
DA:189,4
DA:194,0
DA:202,15
DA:203,15
DA:218,8
DA:221,8
DA:222,6
DA:223,4
DA:234,5
DA:236,5
DA:237,5
DA:239,5
DA:240,5
DA:242,3
DA:244,3
DA:248,3
DA:249,3
DA:251,3
DA:254,5
DA:266,8
DA:267,8
DA:269,8
DA:277,6
DA:278,6
DA:280,6
DA:281,6
DA:283,6
DA:284,6
DA:285,6
DA:286,6
DA:288,4
DA:295,6
DA:296,0
DA:297,0
DA:300,6
DA:312,16
DA:313,4
DA:315,16
DA:323,7
DA:324,7
DA:326,6
DA:327,6
DA:328,6
DA:331,6
DA:347,6
DA:348,6
DA:349,6
DA:351,6
DA:363,6
DA:365,6
DA:366,6
DA:371,6
DA:372,3
DA:373,3
DA:374,3
DA:375,3
DA:378,6
DA:381,6
DA:382,6
DA:398,12
DA:401,11
DA:402,11
DA:404,11
DA:405,11
DA:406,11
DA:408,11
DA:424,11
DA:427,11
DA:428,0
DA:444,15
DA:445,15
DA:447,15
DA:448,15
DA:449,0
DA:450,0
DA:452,15
DA:453,15
DA:456,0
DA:473,10
DA:474,9
DA:476,7
DA:477,2
DA:478,2
DA:479,2
DA:480,2
DA:483,5
DA:484,3
DA:485,3
DA:487,3
DA:490,3
DA:509,6
DA:510,6
DA:511,6
DA:513,6
DA:514,5
DA:515,5
DA:516,5
DA:517,5
DA:520,6
DA:521,5
DA:522,5
DA:523,5
DA:524,5
DA:528,6
DA:529,5
DA:532,6
DA:541,3
DA:543,3
DA:544,2
DA:545,2
DA:546,2
DA:549,3
DA:550,3
DA:551,3
DA:552,3
DA:556,3
DA:557,3
DA:583,4
DA:586,4
DA:587,4
DA:589,2
DA:590,2
DA:592,2
DA:593,2
DA:596,2
DA:597,2
DA:599,2
DA:601,2
DA:602,2
DA:603,2
DA:605,1
DA:607,1
DA:610,0
DA:620,0
DA:621,0
DA:622,0
DA:637,0
DA:639,0
DA:641,0
DA:642,0
DA:643,0
DA:644,0
DA:651,0
DA:652,0
DA:656,0
DA:673,5
DA:676,5
DA:677,0
DA:678,0
DA:681,5
DA:682,1
DA:683,1
DA:686,4
DA:687,1
DA:688,1
DA:692,3
DA:693,3
DA:694,2
DA:695,2
DA:698,1
DA:699,1
DA:713,13
DA:722,1
DA:893,1
DA:894,1
LF:223
LH:200
BRDA:45,0,0,32
BRDA:45,0,1,6
BRDA:46,1,0,6
BRDA:46,1,1,26
BRDA:49,2,0,8
BRDA:49,2,1,18
BRDA:61,3,0,1
BRDA:61,3,1,10
BRDA:63,4,0,8
BRDA:63,4,1,2
BRDA:70,5,0,9
BRDA:70,5,1,2
BRDA:71,6,0,7
BRDA:71,6,1,2
BRDA:73,7,0,2
BRDA:73,7,1,1
BRDA:75,8,0,1
BRDA:75,8,1,1
BRDA:83,9,0,2
BRDA:83,9,1,9
BRDA:83,10,0,11
BRDA:83,10,1,10
BRDA:84,11,0,5
BRDA:84,11,1,4
BRDA:85,12,0,1
BRDA:85,12,1,3
BRDA:98,13,0,2
BRDA:98,13,1,40
BRDA:99,14,0,2
BRDA:99,14,1,38
BRDA:99,15,0,40
BRDA:99,15,1,39
BRDA:100,16,0,38
BRDA:100,16,1,0
BRDA:108,17,0,1
BRDA:108,17,1,31
BRDA:110,18,0,31
BRDA:110,18,1,30
BRDA:118,19,0,25
BRDA:118,19,1,2
BRDA:119,20,0,25
BRDA:119,20,1,24
BRDA:120,21,0,25
BRDA:120,21,1,25
BRDA:121,22,0,25
BRDA:121,22,1,24
BRDA:122,23,0,25
BRDA:122,23,1,24
BRDA:123,24,0,25
BRDA:123,24,1,25
BRDA:124,25,0,25
BRDA:124,25,1,0
BRDA:140,26,0,0
BRDA:140,26,1,32
BRDA:142,27,0,32
BRDA:142,27,1,0
BRDA:143,28,0,6
BRDA:143,28,1,26
BRDA:145,29,0,26
BRDA:145,29,1,24
BRDA:146,30,0,1
BRDA:146,30,1,25
BRDA:147,31,0,1
BRDA:147,31,1,24
BRDA:147,32,0,25
BRDA:147,32,1,24
BRDA:150,33,0,0
BRDA:150,33,1,24
BRDA:151,34,0,1
BRDA:151,34,1,23
BRDA:160,35,0,7
BRDA:160,35,1,1
BRDA:163,36,0,1
BRDA:163,36,1,6
BRDA:163,37,0,6
BRDA:163,37,1,1
BRDA:170,38,0,11
BRDA:170,38,1,1
BRDA:175,39,0,11
BRDA:175,39,1,11
BRDA:178,40,0,2
BRDA:178,40,1,9
BRDA:179,41,0,0
BRDA:179,41,1,2
BRDA:182,42,0,5
BRDA:182,42,1,4
BRDA:185,43,0,4
BRDA:185,43,1,0
BRDA:188,44,0,4
BRDA:188,44,1,0
BRDA:221,45,0,2
BRDA:221,45,1,6
BRDA:222,46,0,2
BRDA:222,46,1,4
BRDA:237,47,0,5
BRDA:237,47,1,0
BRDA:240,48,0,2
BRDA:240,48,1,3
BRDA:244,49,0,0
BRDA:244,49,1,3
BRDA:249,50,0,0
BRDA:249,50,1,3
BRDA:269,51,0,7
BRDA:269,51,1,1
BRDA:278,52,0,0
BRDA:278,52,1,6
BRDA:286,53,0,2
BRDA:286,53,1,4
BRDA:290,54,0,4
BRDA:290,54,1,0
BRDA:296,55,0,0
BRDA:296,55,1,0
BRDA:297,56,0,0
BRDA:297,56,1,0
BRDA:312,57,0,4
BRDA:312,57,1,12
BRDA:312,58,0,16
BRDA:312,58,1,6
BRDA:324,59,0,1
BRDA:324,59,1,6
BRDA:324,60,0,7
BRDA:324,60,1,7
BRDA:363,61,0,6
BRDA:363,61,1,0
BRDA:363,62,0,6
BRDA:363,62,1,0
BRDA:398,63,0,1
BRDA:398,63,1,11
BRDA:402,64,0,0
BRDA:402,64,1,11
BRDA:428,65,0,0
BRDA:428,65,1,0
BRDA:448,66,0,0
BRDA:448,66,1,15
BRDA:453,67,0,4
BRDA:453,67,1,11
BRDA:473,68,0,1
BRDA:473,68,1,9
BRDA:474,69,0,2
BRDA:474,69,1,7
BRDA:474,70,0,9
BRDA:474,70,1,8
BRDA:476,71,0,2
BRDA:476,71,1,5
BRDA:476,72,0,7
BRDA:476,72,1,3
BRDA:483,73,0,3
BRDA:483,73,1,2
BRDA:483,74,0,5
BRDA:483,74,1,4
BRDA:487,75,0,1
BRDA:487,75,1,2
BRDA:487,76,0,3
BRDA:487,76,1,1
BRDA:513,77,0,5
BRDA:513,77,1,1
BRDA:513,78,0,6
BRDA:513,78,1,5
BRDA:520,79,0,5
BRDA:520,79,1,1
BRDA:520,80,0,6
BRDA:520,80,1,5
BRDA:528,81,0,5
BRDA:528,81,1,1
BRDA:543,82,0,2
BRDA:543,82,1,1
BRDA:543,83,0,3
BRDA:543,83,1,2
BRDA:549,84,0,3
BRDA:549,84,1,0
BRDA:549,85,0,3
BRDA:549,85,1,3
BRDA:556,86,0,3
BRDA:556,86,1,0
BRDA:583,87,0,0
BRDA:583,87,1,4
BRDA:587,88,0,2
BRDA:587,88,1,2
BRDA:590,89,0,0
BRDA:590,89,1,2
BRDA:593,90,0,0
BRDA:593,90,1,2
BRDA:597,91,0,2
BRDA:597,91,1,2
BRDA:601,92,0,2
BRDA:601,92,1,2
BRDA:602,93,0,2
BRDA:602,93,1,2
BRDA:603,94,0,1
BRDA:603,94,1,1
BRDA:603,95,0,2
BRDA:603,95,1,1
BRDA:605,96,0,1
BRDA:605,96,1,0
BRDA:620,97,0,0
BRDA:620,97,1,0
BRDA:637,98,0,0
BRDA:637,98,1,0
BRDA:637,99,0,0
BRDA:637,99,1,0
BRDA:643,100,0,0
BRDA:643,100,1,0
BRDA:645,101,0,0
BRDA:645,101,1,0
BRDA:651,102,0,0
BRDA:651,102,1,0
BRDA:676,103,0,0
BRDA:676,103,1,5
BRDA:681,104,0,1
BRDA:681,104,1,4
BRDA:686,105,0,1
BRDA:686,105,1,3
BRDA:693,106,0,2
BRDA:693,106,1,1
BRDA:893,107,0,1
BRDA:893,107,1,0
BRF:216
BRH:173
end_of_record
