TN:
SF:content.js
FN:44,kmNormalizeHost
FN:59,kmRootDomain
FN:69,kmHostFromCredential
FN:82,kmCredentialMatchScore
FN:97,kmIsEditableInput
FN:107,kmIsVisible
FN:116,kmCollectInputHints
FN:131,kmHasAnyHint
FN:132,(anonymous_8)
FN:139,kmIsUsernameLikeInput
FN:159,kmFindPasswordField
FN:169,kmFindUsernameField
FN:175,(anonymous_12)
FN:201,kmDispatchInputEvents
FN:217,kmDetectFormType
FN:233,kmFindLoginForms
FN:265,kmGetCachedCredentials
FN:266,(anonymous_17)
FN:276,kmGetSuggestionsForPage
FN:283,(anonymous_19)
FN:295,(anonymous_20)
FN:311,kmHideOverlay
FN:322,kmCreateOverlay
FN:347,(anonymous_23)
FN:365,(anonymous_24)
FN:366,(anonymous_25)
FN:371,(anonymous_26)
FN:397,kmShowFillNotification
FN:427,(anonymous_28)
FN:443,kmIsAutofillEnabled
FN:444,(anonymous_30)
FN:447,(anonymous_31)
FN:470,kmFillCredential
FN:502,kmFillFields
FN:543,kmAutoFillLoginForms
FN:558,(anonymous_35)
FN:581,kmScheduleAutoFill
FN:583,(anonymous_37)
FN:584,(anonymous_38)
FN:598,kmStartDomObserver
FN:601,(anonymous_40)
FN:603,(anonymous_41)
FN:604,(anonymous_42)
FN:634,kmHandleInputFocus
FN:674,kmIsKeyManagerPage
FN:683,kmIsDashboardPage
FNF:46
FNH:35
FNDA:32,kmNormalizeHost
FNDA:11,kmRootDomain
FNDA:9,kmHostFromCredential
FNDA:11,kmCredentialMatchScore
FNDA:42,kmIsEditableInput
FNDA:32,kmIsVisible
FNDA:25,kmCollectInputHints
FNDA:49,kmHasAnyHint
FNDA:384,(anonymous_8)
FNDA:32,kmIsUsernameLikeInput
FNDA:7,kmFindPasswordField
FNDA:11,kmFindUsernameField
FNDA:11,(anonymous_12)
FNDA:15,kmDispatchInputEvents
FNDA:8,kmDetectFormType
FNDA:5,kmFindLoginForms
FNDA:8,kmGetCachedCredentials
FNDA:8,(anonymous_17)
FNDA:6,kmGetSuggestionsForPage
FNDA:6,(anonymous_19)
FNDA:0,(anonymous_20)
FNDA:16,kmHideOverlay
FNDA:7,kmCreateOverlay
FNDA:6,(anonymous_23)
FNDA:0,(anonymous_24)
FNDA:0,(anonymous_25)
FNDA:3,(anonymous_26)
FNDA:12,kmShowFillNotification
FNDA:0,(anonymous_28)
FNDA:15,kmIsAutofillEnabled
FNDA:15,(anonymous_30)
FNDA:15,(anonymous_31)
FNDA:6,kmFillCredential
FNDA:3,kmFillFields
FNDA:4,kmAutoFillLoginForms
FNDA:2,(anonymous_35)
FNDA:0,kmScheduleAutoFill
FNDA:0,(anonymous_37)
FNDA:0,(anonymous_38)
FNDA:0,kmStartDomObserver
FNDA:0,(anonymous_40)
FNDA:0,(anonymous_41)
FNDA:0,(anonymous_42)
FNDA:5,kmHandleInputFocus
FNDA:13,kmIsKeyManagerPage
FNDA:1,kmIsDashboardPage
DA:8,1
DA:11,1
DA:17,1
DA:24,1
DA:27,1
DA:30,1
DA:33,1
DA:45,32
DA:46,32
DA:48,26
DA:49,26
DA:50,26
DA:52,0
DA:60,11
DA:61,11
DA:62,10
DA:63,10
DA:70,9
DA:71,9
DA:73,2
DA:74,2
DA:75,2
DA:83,11
DA:84,9
DA:85,4
DA:86,3
DA:98,42
DA:99,40
DA:100,38
DA:101,38
DA:108,32
DA:109,31
DA:110,31
DA:117,25
DA:132,384
DA:140,32
DA:142,32
DA:143,32
DA:145,26
DA:146,26
DA:147,25
DA:149,24
DA:150,24
DA:151,24
DA:153,23
DA:160,7
DA:161,7
DA:163,7
DA:170,11
DA:171,11
DA:175,11
DA:178,11
DA:179,2
DA:182,9
DA:185,4
DA:186,4
DA:187,4
DA:188,4
DA:189,4
DA:194,0
DA:202,15
DA:203,15
DA:218,8
DA:221,8
DA:222,6
DA:223,4
DA:234,5
DA:236,5
DA:237,5
DA:239,5
DA:240,5
DA:242,3
DA:244,3
DA:248,3
DA:249,3
DA:251,3
DA:254,5
DA:266,8
DA:267,8
DA:269,8
DA:277,6
DA:278,6
DA:280,6
DA:281,6
DA:283,6
DA:284,6
DA:285,6
DA:286,6
DA:288,4
DA:295,6
DA:296,0
DA:297,0
DA:300,6
DA:312,16
DA:313,4
DA:315,16
DA:323,7
DA:324,7
DA:326,6
DA:327,6
DA:328,6
DA:331,6
DA:347,6
DA:348,6
DA:349,6
DA:351,6
DA:363,6
DA:365,6
DA:366,6
DA:371,6
DA:372,3
DA:373,3
DA:374,3
DA:375,3
DA:378,6
DA:381,6
DA:382,6
DA:398,12
DA:401,11
DA:402,11
DA:404,11
DA:405,11
DA:406,11
DA:408,11
DA:424,11
DA:427,11
DA:428,0
DA:444,15
DA:445,15
DA:447,15
DA:448,15
DA:449,0
DA:450,0
DA:452,15
DA:453,15
DA:456,0
DA:471,6
DA:472,6
DA:473,6
DA:475,6
DA:476,5
DA:477,5
DA:478,5
DA:479,5
DA:482,6
DA:483,5
DA:484,5
DA:485,5
DA:486,5
DA:490,6
DA:491,5
DA:494,6
DA:503,3
DA:505,3
DA:506,2
DA:507,2
DA:508,2
DA:511,3
DA:512,3
DA:513,3
DA:514,3
DA:518,3
DA:519,3
DA:545,4
DA:548,4
DA:549,4
DA:551,2
DA:552,2
DA:554,2
DA:555,2
DA:558,2
DA:559,2
DA:561,2
DA:563,2
DA:564,2
DA:565,2
DA:567,1
DA:569,1
DA:572,0
DA:582,0
DA:583,0
DA:584,0
DA:599,0
DA:601,0
DA:603,0
DA:604,0
DA:605,0
DA:606,0
DA:613,0
DA:614,0
DA:618,0
DA:635,5
DA:638,5
DA:639,0
DA:640,0
DA:643,5
DA:644,1
DA:645,1
DA:648,4
DA:649,1
DA:650,1
DA:654,3
DA:655,3
DA:656,2
DA:657,2
DA:660,1
DA:661,1
DA:675,13
DA:684,1
DA:881,1
DA:882,1
LF:211
LH:188
BRDA:45,0,0,32
BRDA:45,0,1,6
BRDA:46,1,0,6
BRDA:46,1,1,26
BRDA:49,2,0,8
BRDA:49,2,1,18
BRDA:61,3,0,1
BRDA:61,3,1,10
BRDA:63,4,0,8
BRDA:63,4,1,2
BRDA:70,5,0,9
BRDA:70,5,1,2
BRDA:71,6,0,7
BRDA:71,6,1,2
BRDA:73,7,0,2
BRDA:73,7,1,1
BRDA:75,8,0,1
BRDA:75,8,1,1
BRDA:83,9,0,2
BRDA:83,9,1,9
BRDA:83,10,0,11
BRDA:83,10,1,10
BRDA:84,11,0,5
BRDA:84,11,1,4
BRDA:85,12,0,1
BRDA:85,12,1,3
BRDA:98,13,0,2
BRDA:98,13,1,40
BRDA:99,14,0,2
BRDA:99,14,1,38
BRDA:99,15,0,40
BRDA:99,15,1,39
BRDA:100,16,0,38
BRDA:100,16,1,0
BRDA:108,17,0,1
BRDA:108,17,1,31
BRDA:110,18,0,31
BRDA:110,18,1,30
BRDA:118,19,0,25
BRDA:118,19,1,2
BRDA:119,20,0,25
BRDA:119,20,1,24
BRDA:120,21,0,25
BRDA:120,21,1,25
BRDA:121,22,0,25
BRDA:121,22,1,24
BRDA:122,23,0,25
BRDA:122,23,1,24
BRDA:123,24,0,25
BRDA:123,24,1,25
BRDA:124,25,0,25
BRDA:124,25,1,0
BRDA:140,26,0,0
BRDA:140,26,1,32
BRDA:142,27,0,32
BRDA:142,27,1,0
BRDA:143,28,0,6
BRDA:143,28,1,26
BRDA:145,29,0,26
BRDA:145,29,1,24
BRDA:146,30,0,1
BRDA:146,30,1,25
BRDA:147,31,0,1
BRDA:147,31,1,24
BRDA:147,32,0,25
BRDA:147,32,1,24
BRDA:150,33,0,0
BRDA:150,33,1,24
BRDA:151,34,0,1
BRDA:151,34,1,23
BRDA:160,35,0,7
BRDA:160,35,1,1
BRDA:163,36,0,1
BRDA:163,36,1,6
BRDA:163,37,0,6
BRDA:163,37,1,1
BRDA:170,38,0,11
BRDA:170,38,1,1
BRDA:175,39,0,11
BRDA:175,39,1,11
BRDA:178,40,0,2
BRDA:178,40,1,9
BRDA:179,41,0,0
BRDA:179,41,1,2
BRDA:182,42,0,5
BRDA:182,42,1,4
BRDA:185,43,0,4
BRDA:185,43,1,0
BRDA:188,44,0,4
BRDA:188,44,1,0
BRDA:221,45,0,2
BRDA:221,45,1,6
BRDA:222,46,0,2
BRDA:222,46,1,4
BRDA:237,47,0,5
BRDA:237,47,1,0
BRDA:240,48,0,2
BRDA:240,48,1,3
BRDA:244,49,0,0
BRDA:244,49,1,3
BRDA:249,50,0,0
BRDA:249,50,1,3
BRDA:269,51,0,7
BRDA:269,51,1,1
BRDA:278,52,0,0
BRDA:278,52,1,6
BRDA:286,53,0,2
BRDA:286,53,1,4
BRDA:290,54,0,4
BRDA:290,54,1,0
BRDA:296,55,0,0
BRDA:296,55,1,0
BRDA:297,56,0,0
BRDA:297,56,1,0
BRDA:312,57,0,4
BRDA:312,57,1,12
BRDA:312,58,0,16
BRDA:312,58,1,6
BRDA:324,59,0,1
BRDA:324,59,1,6
BRDA:324,60,0,7
BRDA:324,60,1,7
BRDA:363,61,0,6
BRDA:363,61,1,0
BRDA:363,62,0,6
BRDA:363,62,1,0
BRDA:398,63,0,1
BRDA:398,63,1,11
BRDA:402,64,0,0
BRDA:402,64,1,11
BRDA:428,65,0,0
BRDA:428,65,1,0
BRDA:448,66,0,0
BRDA:448,66,1,15
BRDA:453,67,0,4
BRDA:453,67,1,11
BRDA:475,68,0,5
BRDA:475,68,1,1
BRDA:475,69,0,6
BRDA:475,69,1,5
BRDA:482,70,0,5
BRDA:482,70,1,1
BRDA:482,71,0,6
BRDA:482,71,1,5
BRDA:490,72,0,5
BRDA:490,72,1,1
BRDA:505,73,0,2
BRDA:505,73,1,1
BRDA:505,74,0,3
BRDA:505,74,1,2
BRDA:511,75,0,3
BRDA:511,75,1,0
BRDA:511,76,0,3
BRDA:511,76,1,3
BRDA:518,77,0,3
BRDA:518,77,1,0
BRDA:545,78,0,0
BRDA:545,78,1,4
BRDA:549,79,0,2
BRDA:549,79,1,2
BRDA:552,80,0,0
BRDA:552,80,1,2
BRDA:555,81,0,0
BRDA:555,81,1,2
BRDA:559,82,0,2
BRDA:559,82,1,2
BRDA:563,83,0,2
BRDA:563,83,1,2
BRDA:564,84,0,2
BRDA:564,84,1,2
BRDA:565,85,0,1
BRDA:565,85,1,1
BRDA:565,86,0,2
BRDA:565,86,1,1
BRDA:567,87,0,1
BRDA:567,87,1,0
BRDA:582,88,0,0
BRDA:582,88,1,0
BRDA:599,89,0,0
BRDA:599,89,1,0
BRDA:599,90,0,0
BRDA:599,90,1,0
BRDA:605,91,0,0
BRDA:605,91,1,0
BRDA:607,92,0,0
BRDA:607,92,1,0
BRDA:613,93,0,0
BRDA:613,93,1,0
BRDA:638,94,0,0
BRDA:638,94,1,5
BRDA:643,95,0,1
BRDA:643,95,1,4
BRDA:648,96,0,1
BRDA:648,96,1,3
BRDA:655,97,0,2
BRDA:655,97,1,1
BRDA:881,98,0,1
BRDA:881,98,1,0
BRF:198
BRH:155
end_of_record
